<?xml version="1.0" encoding="UTF-8"?>
<!-- Generated by org.testng.reporters.JUnitXMLReporter -->
<testsuite hostname="Nividous" ignored="0" name="Command line test" tests="7" failures="2" timestamp="24 Sep 2018 06:15:18 GMT" time="319132.083" errors="0">
  <testcase name="@BeforeMethod setup" time="72510.443" classname="com.oakbrook.qa.testcases.HomePageTest">
    <failure type="java.lang.StackOverflowError">
      <![CDATA[java.lang.StackOverflowError
at java.io.FileOutputStream.writeBytes(Native Method)
at java.io.FileOutputStream.write(FileOutputStream.java:315)
at java.io.BufferedOutputStream.flushBuffer(BufferedOutputStream.java:82)
at java.io.BufferedOutputStream.write(BufferedOutputStream.java:126)
at java.io.PrintStream.write(PrintStream.java:480)
at com.oakbrook.qa.util.WebEventListener.onException(WebEventListener.java:64)
at org.openqa.selenium.support.events.EventFiringWebDriver.lambda$new$0(EventFiringWebDriver.java:84)
at org.openqa.selenium.support.events.EventFiringWebDriver$$Lambda$199/282265585.invoke(Unknown Source)
at com.sun.proxy.$Proxy6.onException(Unknown Source)
at org.openqa.selenium.support.events.EventFiringWebDriver.lambda$new$1(EventFiringWebDriver.java:107)
at org.openqa.selenium.support.events.EventFiringWebDriver$$Lambda$200/2146338580.invoke(Unknown Source)
at com.sun.proxy.$Proxy7.getScreenshotAs(Unknown Source)
at org.openqa.selenium.support.events.EventFiringWebDriver.getScreenshotAs(EventFiringWebDriver.java:302)
at com.oakbrook.qa.util.TestUtil.takeScreenshotAtEndOfTest(TestUtil.java:35)
at com.oakbrook.qa.util.WebEventListener.onException(WebEventListener.java:66)
at org.openqa.selenium.support.events.EventFiringWebDriver.lambda$new$0(EventFiringWebDriver.java:84)
at org.openqa.selenium.support.events.EventFiringWebDriver$$Lambda$199/282265585.invoke(Unknown Source)
at com.sun.proxy.$Proxy6.onException(Unknown Source)
at org.openqa.selenium.support.events.EventFiringWebDriver.lambda$new$1(EventFiringWebDriver.java:107)
at org.openqa.selenium.support.events.EventFiringWebDriver$$Lambda$200/2146338580.invoke(Unknown Source)
at com.sun.proxy.$Proxy7.getScreenshotAs(Unknown Source)
at org.openqa.selenium.support.events.EventFiringWebDriver.getScreenshotAs(EventFiringWebDriver.java:302)
at com.oakbrook.qa.util.TestUtil.takeScreenshotAtEndOfTest(TestUtil.java:35)
at com.oakbrook.qa.util.WebEventListener.onException(WebEventListener.java:66)
at org.openqa.selenium.support.events.EventFiringWebDriver.lambda$new$0(EventFiringWebDriver.java:84)
at org.openqa.selenium.support.events.EventFiringWebDriver$$Lambda$199/282265585.invoke(Unknown Source)
at com.sun.proxy.$Proxy6.onException(Unknown Source)
at org.openqa.selenium.support.events.EventFiringWebDriver.lambda$new$1(EventFiringWebDriver.java:107)
at org.openqa.selenium.support.events.EventFiringWebDriver$$Lambda$200/2146338580.invoke(Unknown Source)
at com.sun.proxy.$Proxy7.getScreenshotAs(Unknown Source)
at org.openqa.selenium.support.events.EventFiringWebDriver.getScreenshotAs(EventFiringWebDriver.java:302)
at com.oakbrook.qa.util.TestUtil.takeScreenshotAtEndOfTest(TestUtil.java:35)
at com.oakbrook.qa.util.WebEventListener.onException(WebEventListener.java:66)
at org.openqa.selenium.support.events.EventFiringWebDriver.lambda$new$0(EventFiringWebDriver.java:84)
at org.openqa.selenium.support.events.EventFiringWebDriver$$Lambda$199/282265585.invoke(Unknown Source)
at com.sun.proxy.$Proxy6.onException(Unknown Source)
at org.openqa.selenium.support.events.EventFiringWebDriver.lambda$new$1(EventFiringWebDriver.java:107)
at org.openqa.selenium.support.events.EventFiringWebDriver$$Lambda$200/2146338580.invoke(Unknown Source)
at com.sun.proxy.$Proxy7.getScreenshotAs(Unknown Source)
at org.openqa.selenium.support.events.EventFiringWebDriver.getScreenshotAs(EventFiringWebDriver.java:302)
at com.oakbrook.qa.util.TestUtil.takeScreenshotAtEndOfTest(TestUtil.java:35)
at com.oakbrook.qa.util.WebEventListener.onException(WebEventListener.java:66)
at org.openqa.selenium.support.events.EventFiringWebDriver.lambda$new$0(EventFiringWebDriver.java:84)
at org.openqa.selenium.support.events.EventFiringWebDriver$$Lambda$199/282265585.invoke(Unknown Source)
at com.sun.proxy.$Proxy6.onException(Unknown Source)
at org.openqa.selenium.support.events.EventFiringWebDriver.lambda$new$1(EventFiringWebDriver.java:107)
at org.openqa.selenium.support.events.EventFiringWebDriver$$Lambda$200/2146338580.invoke(Unknown Source)
at com.sun.proxy.$Proxy7.getScreenshotAs(Unknown Source)
at org.openqa.selenium.support.events.EventFiringWebDriver.getScreenshotAs(EventFiringWebDriver.java:302)
at com.oakbrook.qa.util.TestUtil.takeScreenshotAtEndOfTest(TestUtil.java:35)
at com.oakbrook.qa.util.WebEventListener.onException(WebEventListener.java:66)
at org.openqa.selenium.support.events.EventFiringWebDriver.lambda$new$0(EventFiringWebDriver.java:84)
at org.openqa.selenium.support.events.EventFiringWebDriver$$Lambda$199/282265585.invoke(Unknown Source)
at com.sun.proxy.$Proxy6.onException(Unknown Source)
at org.openqa.selenium.support.events.EventFiringWebDriver.lambda$new$1(EventFiringWebDriver.java:107)
at org.openqa.selenium.support.events.EventFiringWebDriver$$Lambda$200/2146338580.invoke(Unknown Source)
at com.sun.proxy.$Proxy7.getScreenshotAs(Unknown Source)
at org.openqa.selenium.support.events.EventFiringWebDriver.getScreenshotAs(EventFiringWebDriver.java:302)
at com.oakbrook.qa.util.TestUtil.takeScreenshotAtEndOfTest(TestUtil.java:35)
at com.oakbrook.qa.util.WebEventListener.onException(WebEventListener.java:66)
at org.openqa.selenium.support.events.EventFiringWebDriver.lambda$new$0(EventFiringWebDriver.java:84)
at org.openqa.selenium.support.events.EventFiringWebDriver$$Lambda$199/282265585.invoke(Unknown Source)
at com.sun.proxy.$Proxy6.onException(Unknown Source)
at org.openqa.selenium.support.events.EventFiringWebDriver.lambda$new$1(EventFiringWebDriver.java:107)
at org.openqa.selenium.support.events.EventFiringWebDriver$$Lambda$200/2146338580.invoke(Unknown Source)
at com.sun.proxy.$Proxy7.getScreenshotAs(Unknown Source)
at org.openqa.selenium.support.events.EventFiringWebDriver.getScreenshotAs(EventFiringWebDriver.java:302)
at com.oakbrook.qa.util.TestUtil.takeScreenshotAtEndOfTest(TestUtil.java:35)
at com.oakbrook.qa.util.WebEventListener.onException(WebEventListener.java:66)
at org.openqa.selenium.support.events.EventFiringWebDriver.lambda$new$0(EventFiringWebDriver.java:84)
at org.openqa.selenium.support.events.EventFiringWebDriver$$Lambda$199/282265585.invoke(Unknown Source)
at com.sun.proxy.$Proxy6.onException(Unknown Source)
at org.openqa.selenium.support.events.EventFiringWebDriver.lambda$new$1(EventFiringWebDriver.java:107)
at org.openqa.selenium.support.events.EventFiringWebDriver$$Lambda$200/2146338580.invoke(Unknown Source)
at com.sun.proxy.$Proxy7.getScreenshotAs(Unknown Source)
at org.openqa.selenium.support.events.EventFiringWebDriver.getScreenshotAs(EventFiringWebDriver.java:302)
at com.oakbrook.qa.util.TestUtil.takeScreenshotAtEndOfTest(TestUtil.java:35)
at com.oakbrook.qa.util.WebEventListener.onException(WebEventListener.java:66)
at org.openqa.selenium.support.events.EventFiringWebDriver.lambda$new$0(EventFiringWebDriver.java:84)
at org.openqa.selenium.support.events.EventFiringWebDriver$$Lambda$199/282265585.invoke(Unknown Source)
at com.sun.proxy.$Proxy6.onException(Unknown Source)
at org.openqa.selenium.support.events.EventFiringWebDriver.lambda$new$1(EventFiringWebDriver.java:107)
at org.openqa.selenium.support.events.EventFiringWebDriver$$Lambda$200/2146338580.invoke(Unknown Source)
at com.sun.proxy.$Proxy7.getScreenshotAs(Unknown Source)
at org.openqa.selenium.support.events.EventFiringWebDriver.getScreenshotAs(EventFiringWebDriver.java:302)
at com.oakbrook.qa.util.TestUtil.takeScreenshotAtEndOfTest(TestUtil.java:35)
at com.oakbrook.qa.util.WebEventListener.onException(WebEventListener.java:66)
at org.openqa.selenium.support.events.EventFiringWebDriver.lambda$new$0(EventFiringWebDriver.java:84)
at org.openqa.selenium.support.events.EventFiringWebDriver$$Lambda$199/282265585.invoke(Unknown Source)
at com.sun.proxy.$Proxy6.onException(Unknown Source)
at org.openqa.selenium.support.events.EventFiringWebDriver.lambda$new$1(EventFiringWebDriver.java:107)
at org.openqa.selenium.support.events.EventFiringWebDriver$$Lambda$200/2146338580.invoke(Unknown Source)
at com.sun.proxy.$Proxy7.getScreenshotAs(Unknown Source)
at org.openqa.selenium.support.events.EventFiringWebDriver.getScreenshotAs(EventFiringWebDriver.java:302)
at com.oakbrook.qa.util.TestUtil.takeScreenshotAtEndOfTest(TestUtil.java:35)
at com.oakbrook.qa.util.WebEventListener.onException(WebEventListener.java:66)
at org.openqa.selenium.support.events.EventFiringWebDriver.lambda$new$0(EventFiringWebDriver.java:84)
at org.openqa.selenium.support.events.EventFiringWebDriver$$Lambda$199/282265585.invoke(Unknown Source)
at com.sun.proxy.$Proxy6.onException(Unknown Source)
at org.openqa.selenium.support.events.EventFiringWebDriver.lambda$new$1(EventFiringWebDriver.java:107)
at org.openqa.selenium.support.events.EventFiringWebDriver$$Lambda$200/2146338580.invoke(Unknown Source)
at com.sun.proxy.$Proxy7.getScreenshotAs(Unknown Source)
at org.openqa.selenium.support.events.EventFiringWebDriver.getScreenshotAs(EventFiringWebDriver.java:302)
at com.oakbrook.qa.util.TestUtil.takeScreenshotAtEndOfTest(TestUtil.java:35)
at com.oakbrook.qa.util.WebEventListener.onException(WebEventListener.java:66)
at org.openqa.selenium.support.events.EventFiringWebDriver.lambda$new$0(EventFiringWebDriver.java:84)
at org.openqa.selenium.support.events.EventFiringWebDriver$$Lambda$199/282265585.invoke(Unknown Source)
at com.sun.proxy.$Proxy6.onException(Unknown Source)
at org.openqa.selenium.support.events.EventFiringWebDriver.lambda$new$1(EventFiringWebDriver.java:107)
at org.openqa.selenium.support.events.EventFiringWebDriver$$Lambda$200/2146338580.invoke(Unknown Source)
at com.sun.proxy.$Proxy7.getScreenshotAs(Unknown Source)
at org.openqa.selenium.support.events.EventFiringWebDriver.getScreenshotAs(EventFiringWebDriver.java:302)
at com.oakbrook.qa.util.TestUtil.takeScreenshotAtEndOfTest(TestUtil.java:35)
at com.oakbrook.qa.util.WebEventListener.onException(WebEventListener.java:66)
at org.openqa.selenium.support.events.EventFiringWebDriver.lambda$new$0(EventFiringWebDriver.java:84)
at org.openqa.selenium.support.events.EventFiringWebDriver$$Lambda$199/282265585.invoke(Unknown Source)
at com.sun.proxy.$Proxy6.onException(Unknown Source)
at org.openqa.selenium.support.events.EventFiringWebDriver.lambda$new$1(EventFiringWebDriver.java:107)
at org.openqa.selenium.support.events.EventFiringWebDriver$$Lambda$200/2146338580.invoke(Unknown Source)
at com.sun.proxy.$Proxy7.getScreenshotAs(Unknown Source)
at org.openqa.selenium.support.events.EventFiringWebDriver.getScreenshotAs(EventFiringWebDriver.java:302)
at com.oakbrook.qa.util.TestUtil.takeScreenshotAtEndOfTest(TestUtil.java:35)
at com.oakbrook.qa.util.WebEventListener.onException(WebEventListener.java:66)
at org.openqa.selenium.support.events.EventFiringWebDriver.lambda$new$0(EventFiringWebDriver.java:84)
at org.openqa.selenium.support.events.EventFiringWebDriver$$Lambda$199/282265585.invoke(Unknown Source)
at com.sun.proxy.$Proxy6.onException(Unknown Source)
at org.openqa.selenium.support.events.EventFiringWebDriver.lambda$new$1(EventFiringWebDriver.java:107)
at org.openqa.selenium.support.events.EventFiringWebDriver$$Lambda$200/2146338580.invoke(Unknown Source)
at com.sun.proxy.$Proxy7.getScreenshotAs(Unknown Source)
at org.openqa.selenium.support.events.EventFiringWebDriver.getScreenshotAs(EventFiringWebDriver.java:302)
at com.oakbrook.qa.util.TestUtil.takeScreenshotAtEndOfTest(TestUtil.java:35)
at com.oakbrook.qa.util.WebEventListener.onException(WebEventListener.java:66)
at org.openqa.selenium.support.events.EventFiringWebDriver.lambda$new$0(EventFiringWebDriver.java:84)
at org.openqa.selenium.support.events.EventFiringWebDriver$$Lambda$199/282265585.invoke(Unknown Source)
at com.sun.proxy.$Proxy6.onException(Unknown Source)
at org.openqa.selenium.support.events.EventFiringWebDriver.lambda$new$1(EventFiringWebDriver.java:107)
at org.openqa.selenium.support.events.EventFiringWebDriver$$Lambda$200/2146338580.invoke(Unknown Source)
at com.sun.proxy.$Proxy7.getScreenshotAs(Unknown Source)
at org.openqa.selenium.support.events.EventFiringWebDriver.getScreenshotAs(EventFiringWebDriver.java:302)
at com.oakbrook.qa.util.TestUtil.takeScreenshotAtEndOfTest(TestUtil.java:35)
at com.oakbrook.qa.util.WebEventListener.onException(WebEventListener.java:66)
at org.openqa.selenium.support.events.EventFiringWebDriver.lambda$new$0(EventFiringWebDriver.java:84)
at org.openqa.selenium.support.events.EventFiringWebDriver$$Lambda$199/282265585.invoke(Unknown Source)
at com.sun.proxy.$Proxy6.onException(Unknown Source)
at org.openqa.selenium.support.events.EventFiringWebDriver.lambda$new$1(EventFiringWebDriver.java:107)
at org.openqa.selenium.support.events.EventFiringWebDriver$$Lambda$200/2146338580.invoke(Unknown Source)
at com.sun.proxy.$Proxy7.getScreenshotAs(Unknown Source)
at org.openqa.selenium.support.events.EventFiringWebDriver.getScreenshotAs(EventFiringWebDriver.java:302)
at com.oakbrook.qa.util.TestUtil.takeScreenshotAtEndOfTest(TestUtil.java:35)
at com.oakbrook.qa.util.WebEventListener.onException(WebEventListener.java:66)
at org.openqa.selenium.support.events.EventFiringWebDriver.lambda$new$0(EventFiringWebDriver.java:84)
at org.openqa.selenium.support.events.EventFiringWebDriver$$Lambda$199/282265585.invoke(Unknown Source)
at com.sun.proxy.$Proxy6.onException(Unknown Source)
at org.openqa.selenium.support.events.EventFiringWebDriver.lambda$new$1(EventFiringWebDriver.java:107)
at org.openqa.selenium.support.events.EventFiringWebDriver$$Lambda$200/2146338580.invoke(Unknown Source)
at com.sun.proxy.$Proxy7.getScreenshotAs(Unknown Source)
at org.openqa.selenium.support.events.EventFiringWebDriver.getScreenshotAs(EventFiringWebDriver.java:302)
at com.oakbrook.qa.util.TestUtil.takeScreenshotAtEndOfTest(TestUtil.java:35)
at com.oakbrook.qa.util.WebEventListener.onException(WebEventListener.java:66)
at org.openqa.selenium.support.events.EventFiringWebDriver.lambda$new$0(EventFiringWebDriver.java:84)
at org.openqa.selenium.support.events.EventFiringWebDriver$$Lambda$199/282265585.invoke(Unknown Source)
at com.sun.proxy.$Proxy6.onException(Unknown Source)
at org.openqa.selenium.support.events.EventFiringWebDriver.lambda$new$1(EventFiringWebDriver.java:107)
at org.openqa.selenium.support.events.EventFiringWebDriver$$Lambda$200/2146338580.invoke(Unknown Source)
at com.sun.proxy.$Proxy7.getScreenshotAs(Unknown Source)
at org.openqa.selenium.support.events.EventFiringWebDriver.getScreenshotAs(EventFiringWebDriver.java:302)
at com.oakbrook.qa.util.TestUtil.takeScreenshotAtEndOfTest(TestUtil.java:35)
at com.oakbrook.qa.util.WebEventListener.onException(WebEventListener.java:66)
at org.openqa.selenium.support.events.EventFiringWebDriver.lambda$new$0(EventFiringWebDriver.java:84)
at org.openqa.selenium.support.events.EventFiringWebDriver$$Lambda$199/282265585.invoke(Unknown Source)
at com.sun.proxy.$Proxy6.onException(Unknown Source)
at org.openqa.selenium.support.events.EventFiringWebDriver.lambda$new$1(EventFiringWebDriver.java:107)
at org.openqa.selenium.support.events.EventFiringWebDriver$$Lambda$200/2146338580.invoke(Unknown Source)
at com.sun.proxy.$Proxy7.getScreenshotAs(Unknown Source)
at org.openqa.selenium.support.events.EventFiringWebDriver.getScreenshotAs(EventFiringWebDriver.java:302)
at com.oakbrook.qa.util.TestUtil.takeScreenshotAtEndOfTest(TestUtil.java:35)
at com.oakbrook.qa.util.WebEventListener.onException(WebEventListener.java:66)
at org.openqa.selenium.support.events.EventFiringWebDriver.lambda$new$0(EventFiringWebDriver.java:84)
at org.openqa.selenium.support.events.EventFiringWebDriver$$Lambda$199/282265585.invoke(Unknown Source)
at com.sun.proxy.$Proxy6.onException(Unknown Source)
at org.openqa.selenium.support.events.EventFiringWebDriver.lambda$new$1(EventFiringWebDriver.java:107)
at org.openqa.selenium.support.events.EventFiringWebDriver$$Lambda$200/2146338580.invoke(Unknown Source)
at com.sun.proxy.$Proxy7.getScreenshotAs(Unknown Source)
at org.openqa.selenium.support.events.EventFiringWebDriver.getScreenshotAs(EventFiringWebDriver.java:302)
at com.oakbrook.qa.util.TestUtil.takeScreenshotAtEndOfTest(TestUtil.java:35)
at com.oakbrook.qa.util.WebEventListener.onException(WebEventListener.java:66)
at org.openqa.selenium.support.events.EventFiringWebDriver.lambda$new$0(EventFiringWebDriver.java:84)
at org.openqa.selenium.support.events.EventFiringWebDriver$$Lambda$199/282265585.invoke(Unknown Source)
at com.sun.proxy.$Proxy6.onException(Unknown Source)
at org.openqa.selenium.support.events.EventFiringWebDriver.lambda$new$1(EventFiringWebDriver.java:107)
at org.openqa.selenium.support.events.EventFiringWebDriver$$Lambda$200/2146338580.invoke(Unknown Source)
at com.sun.proxy.$Proxy7.getScreenshotAs(Unknown Source)
at org.openqa.selenium.support.events.EventFiringWebDriver.getScreenshotAs(EventFiringWebDriver.java:302)
at com.oakbrook.qa.util.TestUtil.takeScreenshotAtEndOfTest(TestUtil.java:35)
at com.oakbrook.qa.util.WebEventListener.onException(WebEventListener.java:66)
at org.openqa.selenium.support.events.EventFiringWebDriver.lambda$new$0(EventFiringWebDriver.java:84)
at org.openqa.selenium.support.events.EventFiringWebDriver$$Lambda$199/282265585.invoke(Unknown Source)
at com.sun.proxy.$Proxy6.onException(Unknown Source)
at org.openqa.selenium.support.events.EventFiringWebDriver.lambda$new$1(EventFiringWebDriver.java:107)
at org.openqa.selenium.support.events.EventFiringWebDriver$$Lambda$200/2146338580.invoke(Unknown Source)
at com.sun.proxy.$Proxy7.getScreenshotAs(Unknown Source)
at org.openqa.selenium.support.events.EventFiringWebDriver.getScreenshotAs(EventFiringWebDriver.java:302)
at com.oakbrook.qa.util.TestUtil.takeScreenshotAtEndOfTest(TestUtil.java:35)
at com.oakbrook.qa.util.WebEventListener.onException(WebEventListener.java:66)
at org.openqa.selenium.support.events.EventFiringWebDriver.lambda$new$0(EventFiringWebDriver.java:84)
at org.openqa.selenium.support.events.EventFiringWebDriver$$Lambda$199/282265585.invoke(Unknown Source)
at com.sun.proxy.$Proxy6.onException(Unknown Source)
at org.openqa.selenium.support.events.EventFiringWebDriver.lambda$new$1(EventFiringWebDriver.java:107)
at org.openqa.selenium.support.events.EventFiringWebDriver$$Lambda$200/2146338580.invoke(Unknown Source)
at com.sun.proxy.$Proxy7.getScreenshotAs(Unknown Source)
at org.openqa.selenium.support.events.EventFiringWebDriver.getScreenshotAs(EventFiringWebDriver.java:302)
at com.oakbrook.qa.util.TestUtil.takeScreenshotAtEndOfTest(TestUtil.java:35)
at com.oakbrook.qa.util.WebEventListener.onException(WebEventListener.java:66)
at org.openqa.selenium.support.events.EventFiringWebDriver.lambda$new$0(EventFiringWebDriver.java:84)
at org.openqa.selenium.support.events.EventFiringWebDriver$$Lambda$199/282265585.invoke(Unknown Source)
at com.sun.proxy.$Proxy6.onException(Unknown Source)
at org.openqa.selenium.support.events.EventFiringWebDriver.lambda$new$1(EventFiringWebDriver.java:107)
at org.openqa.selenium.support.events.EventFiringWebDriver$$Lambda$200/2146338580.invoke(Unknown Source)
at com.sun.proxy.$Proxy7.getScreenshotAs(Unknown Source)
at org.openqa.selenium.support.events.EventFiringWebDriver.getScreenshotAs(EventFiringWebDriver.java:302)
at com.oakbrook.qa.util.TestUtil.takeScreenshotAtEndOfTest(TestUtil.java:35)
at com.oakbrook.qa.util.WebEventListener.onException(WebEventListener.java:66)
at org.openqa.selenium.support.events.EventFiringWebDriver.lambda$new$0(EventFiringWebDriver.java:84)
at org.openqa.selenium.support.events.EventFiringWebDriver$$Lambda$199/282265585.invoke(Unknown Source)
at com.sun.proxy.$Proxy6.onException(Unknown Source)
at org.openqa.selenium.support.events.EventFiringWebDriver.lambda$new$1(EventFiringWebDriver.java:107)
at org.openqa.selenium.support.events.EventFiringWebDriver$$Lambda$200/2146338580.invoke(Unknown Source)
at com.sun.proxy.$Proxy7.getScreenshotAs(Unknown Source)
at org.openqa.selenium.support.events.EventFiringWebDriver.getScreenshotAs(EventFiringWebDriver.java:302)
at com.oakbrook.qa.util.TestUtil.takeScreenshotAtEndOfTest(TestUtil.java:35)
at com.oakbrook.qa.util.WebEventListener.onException(WebEventListener.java:66)
at org.openqa.selenium.support.events.EventFiringWebDriver.lambda$new$0(EventFiringWebDriver.java:84)
at org.openqa.selenium.support.events.EventFiringWebDriver$$Lambda$199/282265585.invoke(Unknown Source)
at com.sun.proxy.$Proxy6.onException(Unknown Source)
at org.openqa.selenium.support.events.EventFiringWebDriver.lambda$new$1(EventFiringWebDriver.java:107)
at org.openqa.selenium.support.events.EventFiringWebDriver$$Lambda$200/2146338580.invoke(Unknown Source)
at com.sun.proxy.$Proxy7.getScreenshotAs(Unknown Source)
at org.openqa.selenium.support.events.EventFiringWebDriver.getScreenshotAs(EventFiringWebDriver.java:302)
at com.oakbrook.qa.util.TestUtil.takeScreenshotAtEndOfTest(TestUtil.java:35)
at com.oakbrook.qa.util.WebEventListener.onException(WebEventListener.java:66)
at org.openqa.selenium.support.events.EventFiringWebDriver.lambda$new$0(EventFiringWebDriver.java:84)
at org.openqa.selenium.support.events.EventFiringWebDriver$$Lambda$199/282265585.invoke(Unknown Source)
at com.sun.proxy.$Proxy6.onException(Unknown Source)
at org.openqa.selenium.support.events.EventFiringWebDriver.lambda$new$1(EventFiringWebDriver.java:107)
at org.openqa.selenium.support.events.EventFiringWebDriver$$Lambda$200/2146338580.invoke(Unknown Source)
at com.sun.proxy.$Proxy7.getScreenshotAs(Unknown Source)
at org.openqa.selenium.support.events.EventFiringWebDriver.getScreenshotAs(EventFiringWebDriver.java:302)
at com.oakbrook.qa.util.TestUtil.takeScreenshotAtEndOfTest(TestUtil.java:35)
at com.oakbrook.qa.util.WebEventListener.onException(WebEventListener.java:66)
at org.openqa.selenium.support.events.EventFiringWebDriver.lambda$new$0(EventFiringWebDriver.java:84)
at org.openqa.selenium.support.events.EventFiringWebDriver$$Lambda$199/282265585.invoke(Unknown Source)
at com.sun.proxy.$Proxy6.onException(Unknown Source)
at org.openqa.selenium.support.events.EventFiringWebDriver.lambda$new$1(EventFiringWebDriver.java:107)
at org.openqa.selenium.support.events.EventFiringWebDriver$$Lambda$200/2146338580.invoke(Unknown Source)
at com.sun.proxy.$Proxy7.getScreenshotAs(Unknown Source)
at org.openqa.selenium.support.events.EventFiringWebDriver.getScreenshotAs(EventFiringWebDriver.java:302)
at com.oakbrook.qa.util.TestUtil.takeScreenshotAtEndOfTest(TestUtil.java:35)
at com.oakbrook.qa.util.WebEventListener.onException(WebEventListener.java:66)
at org.openqa.selenium.support.events.EventFiringWebDriver.lambda$new$0(EventFiringWebDriver.java:84)
at org.openqa.selenium.support.events.EventFiringWebDriver$$Lambda$199/282265585.invoke(Unknown Source)
at com.sun.proxy.$Proxy6.onException(Unknown Source)
at org.openqa.selenium.support.events.EventFiringWebDriver.lambda$new$1(EventFiringWebDriver.java:107)
at org.openqa.selenium.support.events.EventFiringWebDriver$$Lambda$200/2146338580.invoke(Unknown Source)
at com.sun.proxy.$Proxy7.getScreenshotAs(Unknown Source)
at org.openqa.selenium.support.events.EventFiringWebDriver.getScreenshotAs(EventFiringWebDriver.java:302)
at com.oakbrook.qa.util.TestUtil.takeScreenshotAtEndOfTest(TestUtil.java:35)
at com.oakbrook.qa.util.WebEventListener.onException(WebEventListener.java:66)
at org.openqa.selenium.support.events.EventFiringWebDriver.lambda$new$0(EventFiringWebDriver.java:84)
at org.openqa.selenium.support.events.EventFiringWebDriver$$Lambda$199/282265585.invoke(Unknown Source)
at com.sun.proxy.$Proxy6.onException(Unknown Source)
at org.openqa.selenium.support.events.EventFiringWebDriver.lambda$new$1(EventFiringWebDriver.java:107)
at org.openqa.selenium.support.events.EventFiringWebDriver$$Lambda$200/2146338580.invoke(Unknown Source)
at com.sun.proxy.$Proxy7.getScreenshotAs(Unknown Source)
at org.openqa.selenium.support.events.EventFiringWebDriver.getScreenshotAs(EventFiringWebDriver.java:302)
at com.oakbrook.qa.util.TestUtil.takeScreenshotAtEndOfTest(TestUtil.java:35)
at com.oakbrook.qa.util.WebEventListener.onException(WebEventListener.java:66)
at org.openqa.selenium.support.events.EventFiringWebDriver.lambda$new$0(EventFiringWebDriver.java:84)
at org.openqa.selenium.support.events.EventFiringWebDriver$$Lambda$199/282265585.invoke(Unknown Source)
at com.sun.proxy.$Proxy6.onException(Unknown Source)
at org.openqa.selenium.support.events.EventFiringWebDriver.lambda$new$1(EventFiringWebDriver.java:107)
at org.openqa.selenium.support.events.EventFiringWebDriver$$Lambda$200/2146338580.invoke(Unknown Source)
at com.sun.proxy.$Proxy7.getScreenshotAs(Unknown Source)
at org.openqa.selenium.support.events.EventFiringWebDriver.getScreenshotAs(EventFiringWebDriver.java:302)
at com.oakbrook.qa.util.TestUtil.takeScreenshotAtEndOfTest(TestUtil.java:35)
at com.oakbrook.qa.util.WebEventListener.onException(WebEventListener.java:66)
at org.openqa.selenium.support.events.EventFiringWebDriver.lambda$new$0(EventFiringWebDriver.java:84)
at org.openqa.selenium.support.events.EventFiringWebDriver$$Lambda$199/282265585.invoke(Unknown Source)
at com.sun.proxy.$Proxy6.onException(Unknown Source)
at org.openqa.selenium.support.events.EventFiringWebDriver.lambda$new$1(EventFiringWebDriver.java:107)
at org.openqa.selenium.support.events.EventFiringWebDriver$$Lambda$200/2146338580.invoke(Unknown Source)
at com.sun.proxy.$Proxy7.getScreenshotAs(Unknown Source)
at org.openqa.selenium.support.events.EventFiringWebDriver.getScreenshotAs(EventFiringWebDriver.java:302)
at com.oakbrook.qa.util.TestUtil.takeScreenshotAtEndOfTest(TestUtil.java:35)
at com.oakbrook.qa.util.WebEventListener.onException(WebEventListener.java:66)
at org.openqa.selenium.support.events.EventFiringWebDriver.lambda$new$0(EventFiringWebDriver.java:84)
at org.openqa.selenium.support.events.EventFiringWebDriver$$Lambda$199/282265585.invoke(Unknown Source)
at com.sun.proxy.$Proxy6.onException(Unknown Source)
at org.openqa.selenium.support.events.EventFiringWebDriver.lambda$new$1(EventFiringWebDriver.java:107)
at org.openqa.selenium.support.events.EventFiringWebDriver$$Lambda$200/2146338580.invoke(Unknown Source)
at com.sun.proxy.$Proxy7.getScreenshotAs(Unknown Source)
at org.openqa.selenium.support.events.EventFiringWebDriver.getScreenshotAs(EventFiringWebDriver.java:302)
at com.oakbrook.qa.util.TestUtil.takeScreenshotAtEndOfTest(TestUtil.java:35)
at com.oakbrook.qa.util.WebEventListener.onException(WebEventListener.java:66)
at org.openqa.selenium.support.events.EventFiringWebDriver.lambda$new$0(EventFiringWebDriver.java:84)
at org.openqa.selenium.support.events.EventFiringWebDriver$$Lambda$199/282265585.invoke(Unknown Source)
at com.sun.proxy.$Proxy6.onException(Unknown Source)
at org.openqa.selenium.support.events.EventFiringWebDriver.lambda$new$1(EventFiringWebDriver.java:107)
at org.openqa.selenium.support.events.EventFiringWebDriver$$Lambda$200/2146338580.invoke(Unknown Source)
at com.sun.proxy.$Proxy7.getScreenshotAs(Unknown Source)
at org.openqa.selenium.support.events.EventFiringWebDriver.getScreenshotAs(EventFiringWebDriver.java:302)
at com.oakbrook.qa.util.TestUtil.takeScreenshotAtEndOfTest(TestUtil.java:35)
at com.oakbrook.qa.util.WebEventListener.onException(WebEventListener.java:66)
at org.openqa.selenium.support.events.EventFiringWebDriver.lambda$new$0(EventFiringWebDriver.java:84)
at org.openqa.selenium.support.events.EventFiringWebDriver$$Lambda$199/282265585.invoke(Unknown Source)
at com.sun.proxy.$Proxy6.onException(Unknown Source)
at org.openqa.selenium.support.events.EventFiringWebDriver.lambda$new$1(EventFiringWebDriver.java:107)
at org.openqa.selenium.support.events.EventFiringWebDriver$$Lambda$200/2146338580.invoke(Unknown Source)
at com.sun.proxy.$Proxy7.getScreenshotAs(Unknown Source)
at org.openqa.selenium.support.events.EventFiringWebDriver.getScreenshotAs(EventFiringWebDriver.java:302)
at com.oakbrook.qa.util.TestUtil.takeScreenshotAtEndOfTest(TestUtil.java:35)
at com.oakbrook.qa.util.WebEventListener.onException(WebEventListener.java:66)
at org.openqa.selenium.support.events.EventFiringWebDriver.lambda$new$0(EventFiringWebDriver.java:84)
at org.openqa.selenium.support.events.EventFiringWebDriver$$Lambda$199/282265585.invoke(Unknown Source)
at com.sun.proxy.$Proxy6.onException(Unknown Source)
at org.openqa.selenium.support.events.EventFiringWebDriver.lambda$new$1(EventFiringWebDriver.java:107)
at org.openqa.selenium.support.events.EventFiringWebDriver$$Lambda$200/2146338580.invoke(Unknown Source)
at com.sun.proxy.$Proxy7.getScreenshotAs(Unknown Source)
at org.openqa.selenium.support.events.EventFiringWebDriver.getScreenshotAs(EventFiringWebDriver.java:302)
at com.oakbrook.qa.util.TestUtil.takeScreenshotAtEndOfTest(TestUtil.java:35)
at com.oakbrook.qa.util.WebEventListener.onException(WebEventListener.java:66)
at org.openqa.selenium.support.events.EventFiringWebDriver.lambda$new$0(EventFiringWebDriver.java:84)
at org.openqa.selenium.support.events.EventFiringWebDriver$$Lambda$199/282265585.invoke(Unknown Source)
at com.sun.proxy.$Proxy6.onException(Unknown Source)
at org.openqa.selenium.support.events.EventFiringWebDriver.lambda$new$1(EventFiringWebDriver.java:107)
at org.openqa.selenium.support.events.EventFiringWebDriver$$Lambda$200/2146338580.invoke(Unknown Source)
at com.sun.proxy.$Proxy7.getScreenshotAs(Unknown Source)
at org.openqa.selenium.support.events.EventFiringWebDriver.getScreenshotAs(EventFiringWebDriver.java:302)
at com.oakbrook.qa.util.TestUtil.takeScreenshotAtEndOfTest(TestUtil.java:35)
at com.oakbrook.qa.util.WebEventListener.onException(WebEventListener.java:66)
at org.openqa.selenium.support.events.EventFiringWebDriver.lambda$new$0(EventFiringWebDriver.java:84)
at org.openqa.selenium.support.events.EventFiringWebDriver$$Lambda$199/282265585.invoke(Unknown Source)
at com.sun.proxy.$Proxy6.onException(Unknown Source)
at org.openqa.selenium.support.events.EventFiringWebDriver.lambda$new$1(EventFiringWebDriver.java:107)
at org.openqa.selenium.support.events.EventFiringWebDriver$$Lambda$200/2146338580.invoke(Unknown Source)
at com.sun.proxy.$Proxy7.getScreenshotAs(Unknown Source)
at org.openqa.selenium.support.events.EventFiringWebDriver.getScreenshotAs(EventFiringWebDriver.java:302)
at com.oakbrook.qa.util.TestUtil.takeScreenshotAtEndOfTest(TestUtil.java:35)
at com.oakbrook.qa.util.WebEventListener.onException(WebEventListener.java:66)
at org.openqa.selenium.support.events.EventFiringWebDriver.lambda$new$0(EventFiringWebDriver.java:84)
at org.openqa.selenium.support.events.EventFiringWebDriver$$Lambda$199/282265585.invoke(Unknown Source)
at com.sun.proxy.$Proxy6.onException(Unknown Source)
at org.openqa.selenium.support.events.EventFiringWebDriver.lambda$new$1(EventFiringWebDriver.java:107)
at org.openqa.selenium.support.events.EventFiringWebDriver$$Lambda$200/2146338580.invoke(Unknown Source)
at com.sun.proxy.$Proxy7.getScreenshotAs(Unknown Source)
at org.openqa.selenium.support.events.EventFiringWebDriver.getScreenshotAs(EventFiringWebDriver.java:302)
at com.oakbrook.qa.util.TestUtil.takeScreenshotAtEndOfTest(TestUtil.java:35)
at com.oakbrook.qa.util.WebEventListener.onException(WebEventListener.java:66)
at org.openqa.selenium.support.events.EventFiringWebDriver.lambda$new$0(EventFiringWebDriver.java:84)
at org.openqa.selenium.support.events.EventFiringWebDriver$$Lambda$199/282265585.invoke(Unknown Source)
at com.sun.proxy.$Proxy6.onException(Unknown Source)
at org.openqa.selenium.support.events.EventFiringWebDriver.lambda$new$1(EventFiringWebDriver.java:107)
at org.openqa.selenium.support.events.EventFiringWebDriver$$Lambda$200/2146338580.invoke(Unknown Source)
at com.sun.proxy.$Proxy7.getScreenshotAs(Unknown Source)
at org.openqa.selenium.support.events.EventFiringWebDriver.getScreenshotAs(EventFiringWebDriver.java:302)
at com.oakbrook.qa.util.TestUtil.takeScreenshotAtEndOfTest(TestUtil.java:35)
at com.oakbrook.qa.util.WebEventListener.onException(WebEventListener.java:66)
at org.openqa.selenium.support.events.EventFiringWebDriver.lambda$new$0(EventFiringWebDriver.java:84)
at org.openqa.selenium.support.events.EventFiringWebDriver$$Lambda$199/282265585.invoke(Unknown Source)
at com.sun.proxy.$Proxy6.onException(Unknown Source)
at org.openqa.selenium.support.events.EventFiringWebDriver.lambda$new$1(EventFiringWebDriver.java:107)
at org.openqa.selenium.support.events.EventFiringWebDriver$$Lambda$200/2146338580.invoke(Unknown Source)
at com.sun.proxy.$Proxy7.getScreenshotAs(Unknown Source)
at org.openqa.selenium.support.events.EventFiringWebDriver.getScreenshotAs(EventFiringWebDriver.java:302)
at com.oakbrook.qa.util.TestUtil.takeScreenshotAtEndOfTest(TestUtil.java:35)
at com.oakbrook.qa.util.WebEventListener.onException(WebEventListener.java:66)
at org.openqa.selenium.support.events.EventFiringWebDriver.lambda$new$0(EventFiringWebDriver.java:84)
at org.openqa.selenium.support.events.EventFiringWebDriver$$Lambda$199/282265585.invoke(Unknown Source)
at com.sun.proxy.$Proxy6.onException(Unknown Source)
at org.openqa.selenium.support.events.EventFiringWebDriver.lambda$new$1(EventFiringWebDriver.java:107)
at org.openqa.selenium.support.events.EventFiringWebDriver$$Lambda$200/2146338580.invoke(Unknown Source)
at com.sun.proxy.$Proxy7.getScreenshotAs(Unknown Source)
at org.openqa.selenium.support.events.EventFiringWebDriver.getScreenshotAs(EventFiringWebDriver.java:302)
at com.oakbrook.qa.util.TestUtil.takeScreenshotAtEndOfTest(TestUtil.java:35)
at com.oakbrook.qa.util.WebEventListener.onException(WebEventListener.java:66)
at org.openqa.selenium.support.events.EventFiringWebDriver.lambda$new$0(EventFiringWebDriver.java:84)
at org.openqa.selenium.support.events.EventFiringWebDriver$$Lambda$199/282265585.invoke(Unknown Source)
at com.sun.proxy.$Proxy6.onException(Unknown Source)
at org.openqa.selenium.support.events.EventFiringWebDriver.lambda$new$1(EventFiringWebDriver.java:107)
at org.openqa.selenium.support.events.EventFiringWebDriver$$Lambda$200/2146338580.invoke(Unknown Source)
at com.sun.proxy.$Proxy7.getScreenshotAs(Unknown Source)
at org.openqa.selenium.support.events.EventFiringWebDriver.getScreenshotAs(EventFiringWebDriver.java:302)
at com.oakbrook.qa.util.TestUtil.takeScreenshotAtEndOfTest(TestUtil.java:35)
at com.oakbrook.qa.util.WebEventListener.onException(WebEventListener.java:66)
at org.openqa.selenium.support.events.EventFiringWebDriver.lambda$new$0(EventFiringWebDriver.java:84)
at org.openqa.selenium.support.events.EventFiringWebDriver$$Lambda$199/282265585.invoke(Unknown Source)
at com.sun.proxy.$Proxy6.onException(Unknown Source)
at org.openqa.selenium.support.events.EventFiringWebDriver.lambda$new$1(EventFiringWebDriver.java:107)
at org.openqa.selenium.support.events.EventFiringWebDriver$$Lambda$200/2146338580.invoke(Unknown Source)
at com.sun.proxy.$Proxy7.getScreenshotAs(Unknown Source)
at org.openqa.selenium.support.events.EventFiringWebDriver.getScreenshotAs(EventFiringWebDriver.java:302)
at com.oakbrook.qa.util.TestUtil.takeScreenshotAtEndOfTest(TestUtil.java:35)
at com.oakbrook.qa.util.WebEventListener.onException(WebEventListener.java:66)
at org.openqa.selenium.support.events.EventFiringWebDriver.lambda$new$0(EventFiringWebDriver.java:84)
at org.openqa.selenium.support.events.EventFiringWebDriver$$Lambda$199/282265585.invoke(Unknown Source)
at com.sun.proxy.$Proxy6.onException(Unknown Source)
at org.openqa.selenium.support.events.EventFiringWebDriver.lambda$new$1(EventFiringWebDriver.java:107)
at org.openqa.selenium.support.events.EventFiringWebDriver$$Lambda$200/2146338580.invoke(Unknown Source)
at com.sun.proxy.$Proxy7.getScreenshotAs(Unknown Source)
at org.openqa.selenium.support.events.EventFiringWebDriver.getScreenshotAs(EventFiringWebDriver.java:302)
at com.oakbrook.qa.util.TestUtil.takeScreenshotAtEndOfTest(TestUtil.java:35)
at com.oakbrook.qa.util.WebEventListener.onException(WebEventListener.java:66)
at org.openqa.selenium.support.events.EventFiringWebDriver.lambda$new$0(EventFiringWebDriver.java:84)
at org.openqa.selenium.support.events.EventFiringWebDriver$$Lambda$199/282265585.invoke(Unknown Source)
at com.sun.proxy.$Proxy6.onException(Unknown Source)
at org.openqa.selenium.support.events.EventFiringWebDriver.lambda$new$1(EventFiringWebDriver.java:107)
at org.openqa.selenium.support.events.EventFiringWebDriver$$Lambda$200/2146338580.invoke(Unknown Source)
at com.sun.proxy.$Proxy7.getScreenshotAs(Unknown Source)
at org.openqa.selenium.support.events.EventFiringWebDriver.getScreenshotAs(EventFiringWebDriver.java:302)
at com.oakbrook.qa.util.TestUtil.takeScreenshotAtEndOfTest(TestUtil.java:35)
at com.oakbrook.qa.util.WebEventListener.onException(WebEventListener.java:66)
at org.openqa.selenium.support.events.EventFiringWebDriver.lambda$new$0(EventFiringWebDriver.java:84)
at org.openqa.selenium.support.events.EventFiringWebDriver$$Lambda$199/282265585.invoke(Unknown Source)
at com.sun.proxy.$Proxy6.onException(Unknown Source)
at org.openqa.selenium.support.events.EventFiringWebDriver.lambda$new$1(EventFiringWebDriver.java:107)
at org.openqa.selenium.support.events.EventFiringWebDriver$$Lambda$200/2146338580.invoke(Unknown Source)
at com.sun.proxy.$Proxy7.getScreenshotAs(Unknown Source)
at org.openqa.selenium.support.events.EventFiringWebDriver.getScreenshotAs(EventFiringWebDriver.java:302)
at com.oakbrook.qa.util.TestUtil.takeScreenshotAtEndOfTest(TestUtil.java:35)
at com.oakbrook.qa.util.WebEventListener.onException(WebEventListener.java:66)
at org.openqa.selenium.support.events.EventFiringWebDriver.lambda$new$0(EventFiringWebDriver.java:84)
at org.openqa.selenium.support.events.EventFiringWebDriver$$Lambda$199/282265585.invoke(Unknown Source)
at com.sun.proxy.$Proxy6.onException(Unknown Source)
at org.openqa.selenium.support.events.EventFiringWebDriver.lambda$new$1(EventFiringWebDriver.java:107)
at org.openqa.selenium.support.events.EventFiringWebDriver$$Lambda$200/2146338580.invoke(Unknown Source)
at com.sun.proxy.$Proxy7.getScreenshotAs(Unknown Source)
at org.openqa.selenium.support.events.EventFiringWebDriver.getScreenshotAs(EventFiringWebDriver.java:302)
at com.oakbrook.qa.util.TestUtil.takeScreenshotAtEndOfTest(TestUtil.java:35)
at com.oakbrook.qa.util.WebEventListener.onException(WebEventListener.java:66)
at org.openqa.selenium.support.events.EventFiringWebDriver.lambda$new$0(EventFiringWebDriver.java:84)
at org.openqa.selenium.support.events.EventFiringWebDriver$$Lambda$199/282265585.invoke(Unknown Source)
at com.sun.proxy.$Proxy6.onException(Unknown Source)
at org.openqa.selenium.support.events.EventFiringWebDriver.lambda$new$1(EventFiringWebDriver.java:107)
at org.openqa.selenium.support.events.EventFiringWebDriver$$Lambda$200/2146338580.invoke(Unknown Source)
at com.sun.proxy.$Proxy7.getScreenshotAs(Unknown Source)
at org.openqa.selenium.support.events.EventFiringWebDriver.getScreenshotAs(EventFiringWebDriver.java:302)
at com.oakbrook.qa.util.TestUtil.takeScreenshotAtEndOfTest(TestUtil.java:35)
at com.oakbrook.qa.util.WebEventListener.onException(WebEventListener.java:66)
at org.openqa.selenium.support.events.EventFiringWebDriver.lambda$new$0(EventFiringWebDriver.java:84)
at org.openqa.selenium.support.events.EventFiringWebDriver$$Lambda$199/282265585.invoke(Unknown Source)
at com.sun.proxy.$Proxy6.onException(Unknown Source)
at org.openqa.selenium.support.events.EventFiringWebDriver.lambda$new$1(EventFiringWebDriver.java:107)
at org.openqa.selenium.support.events.EventFiringWebDriver$$Lambda$200/2146338580.invoke(Unknown Source)
at com.sun.proxy.$Proxy7.getScreenshotAs(Unknown Source)
at org.openqa.selenium.support.events.EventFiringWebDriver.getScreenshotAs(EventFiringWebDriver.java:302)
at com.oakbrook.qa.util.TestUtil.takeScreenshotAtEndOfTest(TestUtil.java:35)
at com.oakbrook.qa.util.WebEventListener.onException(WebEventListener.java:66)
at org.openqa.selenium.support.events.EventFiringWebDriver.lambda$new$0(EventFiringWebDriver.java:84)
at org.openqa.selenium.support.events.EventFiringWebDriver$$Lambda$199/282265585.invoke(Unknown Source)
at com.sun.proxy.$Proxy6.onException(Unknown Source)
at org.openqa.selenium.support.events.EventFiringWebDriver.lambda$new$1(EventFiringWebDriver.java:107)
at org.openqa.selenium.support.events.EventFiringWebDriver$$Lambda$200/2146338580.invoke(Unknown Source)
at com.sun.proxy.$Proxy7.getScreenshotAs(Unknown Source)
at org.openqa.selenium.support.events.EventFiringWebDriver.getScreenshotAs(EventFiringWebDriver.java:302)
at com.oakbrook.qa.util.TestUtil.takeScreenshotAtEndOfTest(TestUtil.java:35)
at com.oakbrook.qa.util.WebEventListener.onException(WebEventListener.java:66)
at org.openqa.selenium.support.events.EventFiringWebDriver.lambda$new$0(EventFiringWebDriver.java:84)
at org.openqa.selenium.support.events.EventFiringWebDriver$$Lambda$199/282265585.invoke(Unknown Source)
at com.sun.proxy.$Proxy6.onException(Unknown Source)
at org.openqa.selenium.support.events.EventFiringWebDriver.lambda$new$1(EventFiringWebDriver.java:107)
at org.openqa.selenium.support.events.EventFiringWebDriver$$Lambda$200/2146338580.invoke(Unknown Source)
at com.sun.proxy.$Proxy7.getScreenshotAs(Unknown Source)
at org.openqa.selenium.support.events.EventFiringWebDriver.getScreenshotAs(EventFiringWebDriver.java:302)
at com.oakbrook.qa.util.TestUtil.takeScreenshotAtEndOfTest(TestUtil.java:35)
at com.oakbrook.qa.util.WebEventListener.onException(WebEventListener.java:66)
at org.openqa.selenium.support.events.EventFiringWebDriver.lambda$new$0(EventFiringWebDriver.java:84)
at org.openqa.selenium.support.events.EventFiringWebDriver$$Lambda$199/282265585.invoke(Unknown Source)
at com.sun.proxy.$Proxy6.onException(Unknown Source)
at org.openqa.selenium.support.events.EventFiringWebDriver.lambda$new$1(EventFiringWebDriver.java:107)
at org.openqa.selenium.support.events.EventFiringWebDriver$$Lambda$200/2146338580.invoke(Unknown Source)
at com.sun.proxy.$Proxy7.getScreenshotAs(Unknown Source)
at org.openqa.selenium.support.events.EventFiringWebDriver.getScreenshotAs(EventFiringWebDriver.java:302)
at com.oakbrook.qa.util.TestUtil.takeScreenshotAtEndOfTest(TestUtil.java:35)
at com.oakbrook.qa.util.WebEventListener.onException(WebEventListener.java:66)
at org.openqa.selenium.support.events.EventFiringWebDriver.lambda$new$0(EventFiringWebDriver.java:84)
at org.openqa.selenium.support.events.EventFiringWebDriver$$Lambda$199/282265585.invoke(Unknown Source)
at com.sun.proxy.$Proxy6.onException(Unknown Source)
at org.openqa.selenium.support.events.EventFiringWebDriver.lambda$new$1(EventFiringWebDriver.java:107)
at org.openqa.selenium.support.events.EventFiringWebDriver$$Lambda$200/2146338580.invoke(Unknown Source)
at com.sun.proxy.$Proxy7.getScreenshotAs(Unknown Source)
at org.openqa.selenium.support.events.EventFiringWebDriver.getScreenshotAs(EventFiringWebDriver.java:302)
at com.oakbrook.qa.util.TestUtil.takeScreenshotAtEndOfTest(TestUtil.java:35)
at com.oakbrook.qa.util.WebEventListener.onException(WebEventListener.java:66)
at org.openqa.selenium.support.events.EventFiringWebDriver.lambda$new$0(EventFiringWebDriver.java:84)
at org.openqa.selenium.support.events.EventFiringWebDriver$$Lambda$199/282265585.invoke(Unknown Source)
at com.sun.proxy.$Proxy6.onException(Unknown Source)
at org.openqa.selenium.support.events.EventFiringWebDriver.lambda$new$1(EventFiringWebDriver.java:107)
at org.openqa.selenium.support.events.EventFiringWebDriver$$Lambda$200/2146338580.invoke(Unknown Source)
at com.sun.proxy.$Proxy7.getScreenshotAs(Unknown Source)
at org.openqa.selenium.support.events.EventFiringWebDriver.getScreenshotAs(EventFiringWebDriver.java:302)
at com.oakbrook.qa.util.TestUtil.takeScreenshotAtEndOfTest(TestUtil.java:35)
at com.oakbrook.qa.util.WebEventListener.onException(WebEventListener.java:66)
at org.openqa.selenium.support.events.EventFiringWebDriver.lambda$new$0(EventFiringWebDriver.java:84)
at org.openqa.selenium.support.events.EventFiringWebDriver$$Lambda$199/282265585.invoke(Unknown Source)
at com.sun.proxy.$Proxy6.onException(Unknown Source)
at org.openqa.selenium.support.events.EventFiringWebDriver.lambda$new$1(EventFiringWebDriver.java:107)
at org.openqa.selenium.support.events.EventFiringWebDriver$$Lambda$200/2146338580.invoke(Unknown Source)
at com.sun.proxy.$Proxy7.getScreenshotAs(Unknown Source)
at org.openqa.selenium.support.events.EventFiringWebDriver.getScreenshotAs(EventFiringWebDriver.java:302)
at com.oakbrook.qa.util.TestUtil.takeScreenshotAtEndOfTest(TestUtil.java:35)
at com.oakbrook.qa.util.WebEventListener.onException(WebEventListener.java:66)
at org.openqa.selenium.support.events.EventFiringWebDriver.lambda$new$0(EventFiringWebDriver.java:84)
at org.openqa.selenium.support.events.EventFiringWebDriver$$Lambda$199/282265585.invoke(Unknown Source)
at com.sun.proxy.$Proxy6.onException(Unknown Source)
at org.openqa.selenium.support.events.EventFiringWebDriver.lambda$new$1(EventFiringWebDriver.java:107)
at org.openqa.selenium.support.events.EventFiringWebDriver$$Lambda$200/2146338580.invoke(Unknown Source)
at com.sun.proxy.$Proxy7.getScreenshotAs(Unknown Source)
at org.openqa.selenium.support.events.EventFiringWebDriver.getScreenshotAs(EventFiringWebDriver.java:302)
at com.oakbrook.qa.util.TestUtil.takeScreenshotAtEndOfTest(TestUtil.java:35)
at com.oakbrook.qa.util.WebEventListener.onException(WebEventListener.java:66)
at org.openqa.selenium.support.events.EventFiringWebDriver.lambda$new$0(EventFiringWebDriver.java:84)
at org.openqa.selenium.support.events.EventFiringWebDriver$$Lambda$199/282265585.invoke(Unknown Source)
at com.sun.proxy.$Proxy6.onException(Unknown Source)
at org.openqa.selenium.support.events.EventFiringWebDriver.lambda$new$1(EventFiringWebDriver.java:107)
at org.openqa.selenium.support.events.EventFiringWebDriver$$Lambda$200/2146338580.invoke(Unknown Source)
at com.sun.proxy.$Proxy7.getScreenshotAs(Unknown Source)
at org.openqa.selenium.support.events.EventFiringWebDriver.getScreenshotAs(EventFiringWebDriver.java:302)
at com.oakbrook.qa.util.TestUtil.takeScreenshotAtEndOfTest(TestUtil.java:35)
at com.oakbrook.qa.util.WebEventListener.onException(WebEventListener.java:66)
at org.openqa.selenium.support.events.EventFiringWebDriver.lambda$new$0(EventFiringWebDriver.java:84)
at org.openqa.selenium.support.events.EventFiringWebDriver$$Lambda$199/282265585.invoke(Unknown Source)
at com.sun.proxy.$Proxy6.onException(Unknown Source)
at org.openqa.selenium.support.events.EventFiringWebDriver.lambda$new$1(EventFiringWebDriver.java:107)
at org.openqa.selenium.support.events.EventFiringWebDriver$$Lambda$200/2146338580.invoke(Unknown Source)
at com.sun.proxy.$Proxy7.getScreenshotAs(Unknown Source)
at org.openqa.selenium.support.events.EventFiringWebDriver.getScreenshotAs(EventFiringWebDriver.java:302)
at com.oakbrook.qa.util.TestUtil.takeScreenshotAtEndOfTest(TestUtil.java:35)
at com.oakbrook.qa.util.WebEventListener.onException(WebEventListener.java:66)
at org.openqa.selenium.support.events.EventFiringWebDriver.lambda$new$0(EventFiringWebDriver.java:84)
at org.openqa.selenium.support.events.EventFiringWebDriver$$Lambda$199/282265585.invoke(Unknown Source)
at com.sun.proxy.$Proxy6.onException(Unknown Source)
at org.openqa.selenium.support.events.EventFiringWebDriver.lambda$new$1(EventFiringWebDriver.java:107)
at org.openqa.selenium.support.events.EventFiringWebDriver$$Lambda$200/2146338580.invoke(Unknown Source)
at com.sun.proxy.$Proxy7.getScreenshotAs(Unknown Source)
at org.openqa.selenium.support.events.EventFiringWebDriver.getScreenshotAs(EventFiringWebDriver.java:302)
at com.oakbrook.qa.util.TestUtil.takeScreenshotAtEndOfTest(TestUtil.java:35)
at com.oakbrook.qa.util.WebEventListener.onException(WebEventListener.java:66)
at org.openqa.selenium.support.events.EventFiringWebDriver.lambda$new$0(EventFiringWebDriver.java:84)
at org.openqa.selenium.support.events.EventFiringWebDriver$$Lambda$199/282265585.invoke(Unknown Source)
at com.sun.proxy.$Proxy6.onException(Unknown Source)
at org.openqa.selenium.support.events.EventFiringWebDriver.lambda$new$1(EventFiringWebDriver.java:107)
at org.openqa.selenium.support.events.EventFiringWebDriver$$Lambda$200/2146338580.invoke(Unknown Source)
at com.sun.proxy.$Proxy7.getScreenshotAs(Unknown Source)
at org.openqa.selenium.support.events.EventFiringWebDriver.getScreenshotAs(EventFiringWebDriver.java:302)
at com.oakbrook.qa.util.TestUtil.takeScreenshotAtEndOfTest(TestUtil.java:35)
at com.oakbrook.qa.util.WebEventListener.onException(WebEventListener.java:66)
at org.openqa.selenium.support.events.EventFiringWebDriver.lambda$new$0(EventFiringWebDriver.java:84)
at org.openqa.selenium.support.events.EventFiringWebDriver$$Lambda$199/282265585.invoke(Unknown Source)
at com.sun.proxy.$Proxy6.onException(Unknown Source)
at org.openqa.selenium.support.events.EventFiringWebDriver.lambda$new$1(EventFiringWebDriver.java:107)
at org.openqa.selenium.support.events.EventFiringWebDriver$$Lambda$200/2146338580.invoke(Unknown Source)
at com.sun.proxy.$Proxy7.getScreenshotAs(Unknown Source)
at org.openqa.selenium.support.events.EventFiringWebDriver.getScreenshotAs(EventFiringWebDriver.java:302)
at com.oakbrook.qa.util.TestUtil.takeScreenshotAtEndOfTest(TestUtil.java:35)
at com.oakbrook.qa.util.WebEventListener.onException(WebEventListener.java:66)
at org.openqa.selenium.support.events.EventFiringWebDriver.lambda$new$0(EventFiringWebDriver.java:84)
at org.openqa.selenium.support.events.EventFiringWebDriver$$Lambda$199/282265585.invoke(Unknown Source)
at com.sun.proxy.$Proxy6.onException(Unknown Source)
at org.openqa.selenium.support.events.EventFiringWebDriver.lambda$new$1(EventFiringWebDriver.java:107)
at org.openqa.selenium.support.events.EventFiringWebDriver$$Lambda$200/2146338580.invoke(Unknown Source)
at com.sun.proxy.$Proxy7.getScreenshotAs(Unknown Source)
at org.openqa.selenium.support.events.EventFiringWebDriver.getScreenshotAs(EventFiringWebDriver.java:302)
at com.oakbrook.qa.util.TestUtil.takeScreenshotAtEndOfTest(TestUtil.java:35)
at com.oakbrook.qa.util.WebEventListener.onException(WebEventListener.java:66)
at org.openqa.selenium.support.events.EventFiringWebDriver.lambda$new$0(EventFiringWebDriver.java:84)
at org.openqa.selenium.support.events.EventFiringWebDriver$$Lambda$199/282265585.invoke(Unknown Source)
at com.sun.proxy.$Proxy6.onException(Unknown Source)
at org.openqa.selenium.support.events.EventFiringWebDriver.lambda$new$1(EventFiringWebDriver.java:107)
at org.openqa.selenium.support.events.EventFiringWebDriver$$Lambda$200/2146338580.invoke(Unknown Source)
at com.sun.proxy.$Proxy7.getScreenshotAs(Unknown Source)
at org.openqa.selenium.support.events.EventFiringWebDriver.getScreenshotAs(EventFiringWebDriver.java:302)
at com.oakbrook.qa.util.TestUtil.takeScreenshotAtEndOfTest(TestUtil.java:35)
at com.oakbrook.qa.util.WebEventListener.onException(WebEventListener.java:66)
at org.openqa.selenium.support.events.EventFiringWebDriver.lambda$new$0(EventFiringWebDriver.java:84)
at org.openqa.selenium.support.events.EventFiringWebDriver$$Lambda$199/282265585.invoke(Unknown Source)
at com.sun.proxy.$Proxy6.onException(Unknown Source)
at org.openqa.selenium.support.events.EventFiringWebDriver.lambda$new$1(EventFiringWebDriver.java:107)
at org.openqa.selenium.support.events.EventFiringWebDriver$$Lambda$200/2146338580.invoke(Unknown Source)
at com.sun.proxy.$Proxy7.getScreenshotAs(Unknown Source)
at org.openqa.selenium.support.events.EventFiringWebDriver.getScreenshotAs(EventFiringWebDriver.java:302)
at com.oakbrook.qa.util.TestUtil.takeScreenshotAtEndOfTest(TestUtil.java:35)
at com.oakbrook.qa.util.WebEventListener.onException(WebEventListener.java:66)
at org.openqa.selenium.support.events.EventFiringWebDriver.lambda$new$0(EventFiringWebDriver.java:84)
at org.openqa.selenium.support.events.EventFiringWebDriver$$Lambda$199/282265585.invoke(Unknown Source)
at com.sun.proxy.$Proxy6.onException(Unknown Source)
at org.openqa.selenium.support.events.EventFiringWebDriver.lambda$new$1(EventFiringWebDriver.java:107)
at org.openqa.selenium.support.events.EventFiringWebDriver$$Lambda$200/2146338580.invoke(Unknown Source)
at com.sun.proxy.$Proxy7.getScreenshotAs(Unknown Source)
at org.openqa.selenium.support.events.EventFiringWebDriver.getScreenshotAs(EventFiringWebDriver.java:302)
at com.oakbrook.qa.util.TestUtil.takeScreenshotAtEndOfTest(TestUtil.java:35)
at com.oakbrook.qa.util.WebEventListener.onException(WebEventListener.java:66)
at org.openqa.selenium.support.events.EventFiringWebDriver.lambda$new$0(EventFiringWebDriver.java:84)
at org.openqa.selenium.support.events.EventFiringWebDriver$$Lambda$199/282265585.invoke(Unknown Source)
at com.sun.proxy.$Proxy6.onException(Unknown Source)
at org.openqa.selenium.support.events.EventFiringWebDriver.lambda$new$1(EventFiringWebDriver.java:107)
at org.openqa.selenium.support.events.EventFiringWebDriver$$Lambda$200/2146338580.invoke(Unknown Source)
at com.sun.proxy.$Proxy7.getScreenshotAs(Unknown Source)
at org.openqa.selenium.support.events.EventFiringWebDriver.getScreenshotAs(EventFiringWebDriver.java:302)
at com.oakbrook.qa.util.TestUtil.takeScreenshotAtEndOfTest(TestUtil.java:35)
at com.oakbrook.qa.util.WebEventListener.onException(WebEventListener.java:66)
at org.openqa.selenium.support.events.EventFiringWebDriver.lambda$new$0(EventFiringWebDriver.java:84)
at org.openqa.selenium.support.events.EventFiringWebDriver$$Lambda$199/282265585.invoke(Unknown Source)
at com.sun.proxy.$Proxy6.onException(Unknown Source)
at org.openqa.selenium.support.events.EventFiringWebDriver.lambda$new$1(EventFiringWebDriver.java:107)
at org.openqa.selenium.support.events.EventFiringWebDriver$$Lambda$200/2146338580.invoke(Unknown Source)
at com.sun.proxy.$Proxy7.getScreenshotAs(Unknown Source)
at org.openqa.selenium.support.events.EventFiringWebDriver.getScreenshotAs(EventFiringWebDriver.java:302)
at com.oakbrook.qa.util.TestUtil.takeScreenshotAtEndOfTest(TestUtil.java:35)
at com.oakbrook.qa.util.WebEventListener.onException(WebEventListener.java:66)
at org.openqa.selenium.support.events.EventFiringWebDriver.lambda$new$0(EventFiringWebDriver.java:84)
at org.openqa.selenium.support.events.EventFiringWebDriver$$Lambda$199/282265585.invoke(Unknown Source)
at com.sun.proxy.$Proxy6.onException(Unknown Source)
at org.openqa.selenium.support.events.EventFiringWebDriver.lambda$new$1(EventFiringWebDriver.java:107)
at org.openqa.selenium.support.events.EventFiringWebDriver$$Lambda$200/2146338580.invoke(Unknown Source)
at com.sun.proxy.$Proxy7.getScreenshotAs(Unknown Source)
at org.openqa.selenium.support.events.EventFiringWebDriver.getScreenshotAs(EventFiringWebDriver.java:302)
at com.oakbrook.qa.util.TestUtil.takeScreenshotAtEndOfTest(TestUtil.java:35)
at com.oakbrook.qa.util.WebEventListener.onException(WebEventListener.java:66)
at org.openqa.selenium.support.events.EventFiringWebDriver.lambda$new$0(EventFiringWebDriver.java:84)
at org.openqa.selenium.support.events.EventFiringWebDriver$$Lambda$199/282265585.invoke(Unknown Source)
at com.sun.proxy.$Proxy6.onException(Unknown Source)
at org.openqa.selenium.support.events.EventFiringWebDriver.lambda$new$1(EventFiringWebDriver.java:107)
at org.openqa.selenium.support.events.EventFiringWebDriver$$Lambda$200/2146338580.invoke(Unknown Source)
at com.sun.proxy.$Proxy7.getScreenshotAs(Unknown Source)
at org.openqa.selenium.support.events.EventFiringWebDriver.getScreenshotAs(EventFiringWebDriver.java:302)
at com.oakbrook.qa.util.TestUtil.takeScreenshotAtEndOfTest(TestUtil.java:35)
at com.oakbrook.qa.util.WebEventListener.onException(WebEventListener.java:66)
at org.openqa.selenium.support.events.EventFiringWebDriver.lambda$new$0(EventFiringWebDriver.java:84)
at org.openqa.selenium.support.events.EventFiringWebDriver$$Lambda$199/282265585.invoke(Unknown Source)
at com.sun.proxy.$Proxy6.onException(Unknown Source)
at org.openqa.selenium.support.events.EventFiringWebDriver.lambda$new$1(EventFiringWebDriver.java:107)
at org.openqa.selenium.support.events.EventFiringWebDriver$$Lambda$200/2146338580.invoke(Unknown Source)
at com.sun.proxy.$Proxy7.getScreenshotAs(Unknown Source)
at org.openqa.selenium.support.events.EventFiringWebDriver.getScreenshotAs(EventFiringWebDriver.java:302)
at com.oakbrook.qa.util.TestUtil.takeScreenshotAtEndOfTest(TestUtil.java:35)
at com.oakbrook.qa.util.WebEventListener.onException(WebEventListener.java:66)
at org.openqa.selenium.support.events.EventFiringWebDriver.lambda$new$0(EventFiringWebDriver.java:84)
at org.openqa.selenium.support.events.EventFiringWebDriver$$Lambda$199/282265585.invoke(Unknown Source)
at com.sun.proxy.$Proxy6.onException(Unknown Source)
at org.openqa.selenium.support.events.EventFiringWebDriver.lambda$new$1(EventFiringWebDriver.java:107)
at org.openqa.selenium.support.events.EventFiringWebDriver$$Lambda$200/2146338580.invoke(Unknown Source)
at com.sun.proxy.$Proxy7.getScreenshotAs(Unknown Source)
at org.openqa.selenium.support.events.EventFiringWebDriver.getScreenshotAs(EventFiringWebDriver.java:302)
at com.oakbrook.qa.util.TestUtil.takeScreenshotAtEndOfTest(TestUtil.java:35)
at com.oakbrook.qa.util.WebEventListener.onException(WebEventListener.java:66)
at org.openqa.selenium.support.events.EventFiringWebDriver.lambda$new$0(EventFiringWebDriver.java:84)
at org.openqa.selenium.support.events.EventFiringWebDriver$$Lambda$199/282265585.invoke(Unknown Source)
at com.sun.proxy.$Proxy6.onException(Unknown Source)
at org.openqa.selenium.support.events.EventFiringWebDriver.lambda$new$1(EventFiringWebDriver.java:107)
at org.openqa.selenium.support.events.EventFiringWebDriver$$Lambda$200/2146338580.invoke(Unknown Source)
at com.sun.proxy.$Proxy7.getScreenshotAs(Unknown Source)
at org.openqa.selenium.support.events.EventFiringWebDriver.getScreenshotAs(EventFiringWebDriver.java:302)
at com.oakbrook.qa.util.TestUtil.takeScreenshotAtEndOfTest(TestUtil.java:35)
at com.oakbrook.qa.util.WebEventListener.onException(WebEventListener.java:66)
at org.openqa.selenium.support.events.EventFiringWebDriver.lambda$new$0(EventFiringWebDriver.java:84)
at org.openqa.selenium.support.events.EventFiringWebDriver$$Lambda$199/282265585.invoke(Unknown Source)
at com.sun.proxy.$Proxy6.onException(Unknown Source)
at org.openqa.selenium.support.events.EventFiringWebDriver.lambda$new$1(EventFiringWebDriver.java:107)
at org.openqa.selenium.support.events.EventFiringWebDriver$$Lambda$200/2146338580.invoke(Unknown Source)
at com.sun.proxy.$Proxy7.getScreenshotAs(Unknown Source)
at org.openqa.selenium.support.events.EventFiringWebDriver.getScreenshotAs(EventFiringWebDriver.java:302)
at com.oakbrook.qa.util.TestUtil.takeScreenshotAtEndOfTest(TestUtil.java:35)
at com.oakbrook.qa.util.WebEventListener.onException(WebEventListener.java:66)
at org.openqa.selenium.support.events.EventFiringWebDriver.lambda$new$0(EventFiringWebDriver.java:84)
at org.openqa.selenium.support.events.EventFiringWebDriver$$Lambda$199/282265585.invoke(Unknown Source)
at com.sun.proxy.$Proxy6.onException(Unknown Source)
at org.openqa.selenium.support.events.EventFiringWebDriver.lambda$new$1(EventFiringWebDriver.java:107)
at org.openqa.selenium.support.events.EventFiringWebDriver$$Lambda$200/2146338580.invoke(Unknown Source)
at com.sun.proxy.$Proxy7.getScreenshotAs(Unknown Source)
at org.openqa.selenium.support.events.EventFiringWebDriver.getScreenshotAs(EventFiringWebDriver.java:302)
at com.oakbrook.qa.util.TestUtil.takeScreenshotAtEndOfTest(TestUtil.java:35)
at com.oakbrook.qa.util.WebEventListener.onException(WebEventListener.java:66)
at org.openqa.selenium.support.events.EventFiringWebDriver.lambda$new$0(EventFiringWebDriver.java:84)
at org.openqa.selenium.support.events.EventFiringWebDriver$$Lambda$199/282265585.invoke(Unknown Source)
at com.sun.proxy.$Proxy6.onException(Unknown Source)
at org.openqa.selenium.support.events.EventFiringWebDriver.lambda$new$1(EventFiringWebDriver.java:107)
at org.openqa.selenium.support.events.EventFiringWebDriver$$Lambda$200/2146338580.invoke(Unknown Source)
at com.sun.proxy.$Proxy7.getScreenshotAs(Unknown Source)
at org.openqa.selenium.support.events.EventFiringWebDriver.getScreenshotAs(EventFiringWebDriver.java:302)
at com.oakbrook.qa.util.TestUtil.takeScreenshotAtEndOfTest(TestUtil.java:35)
at com.oakbrook.qa.util.WebEventListener.onException(WebEventListener.java:66)
at org.openqa.selenium.support.events.EventFiringWebDriver.lambda$new$0(EventFiringWebDriver.java:84)
at org.openqa.selenium.support.events.EventFiringWebDriver$$Lambda$199/282265585.invoke(Unknown Source)
at com.sun.proxy.$Proxy6.onException(Unknown Source)
at org.openqa.selenium.support.events.EventFiringWebDriver.lambda$new$1(EventFiringWebDriver.java:107)
at org.openqa.selenium.support.events.EventFiringWebDriver$$Lambda$200/2146338580.invoke(Unknown Source)
at com.sun.proxy.$Proxy7.getScreenshotAs(Unknown Source)
at org.openqa.selenium.support.events.EventFiringWebDriver.getScreenshotAs(EventFiringWebDriver.java:302)
at com.oakbrook.qa.util.TestUtil.takeScreenshotAtEndOfTest(TestUtil.java:35)
at com.oakbrook.qa.util.WebEventListener.onException(WebEventListener.java:66)
at org.openqa.selenium.support.events.EventFiringWebDriver.lambda$new$0(EventFiringWebDriver.java:84)
at org.openqa.selenium.support.events.EventFiringWebDriver$$Lambda$199/282265585.invoke(Unknown Source)
at com.sun.proxy.$Proxy6.onException(Unknown Source)
at org.openqa.selenium.support.events.EventFiringWebDriver.lambda$new$1(EventFiringWebDriver.java:107)
at org.openqa.selenium.support.events.EventFiringWebDriver$$Lambda$200/2146338580.invoke(Unknown Source)
at com.sun.proxy.$Proxy7.getScreenshotAs(Unknown Source)
at org.openqa.selenium.support.events.EventFiringWebDriver.getScreenshotAs(EventFiringWebDriver.java:302)
at com.oakbrook.qa.util.TestUtil.takeScreenshotAtEndOfTest(TestUtil.java:35)
at com.oakbrook.qa.util.WebEventListener.onException(WebEventListener.java:66)
at org.openqa.selenium.support.events.EventFiringWebDriver.lambda$new$0(EventFiringWebDriver.java:84)
at org.openqa.selenium.support.events.EventFiringWebDriver$$Lambda$199/282265585.invoke(Unknown Source)
at com.sun.proxy.$Proxy6.onException(Unknown Source)
at org.openqa.selenium.support.events.EventFiringWebDriver.lambda$new$1(EventFiringWebDriver.java:107)
at org.openqa.selenium.support.events.EventFiringWebDriver$$Lambda$200/2146338580.invoke(Unknown Source)
at com.sun.proxy.$Proxy7.getScreenshotAs(Unknown Source)
at org.openqa.selenium.support.events.EventFiringWebDriver.getScreenshotAs(EventFiringWebDriver.java:302)
at com.oakbrook.qa.util.TestUtil.takeScreenshotAtEndOfTest(TestUtil.java:35)
at com.oakbrook.qa.util.WebEventListener.onException(WebEventListener.java:66)
at org.openqa.selenium.support.events.EventFiringWebDriver.lambda$new$0(EventFiringWebDriver.java:84)
at org.openqa.selenium.support.events.EventFiringWebDriver$$Lambda$199/282265585.invoke(Unknown Source)
at com.sun.proxy.$Proxy6.onException(Unknown Source)
at org.openqa.selenium.support.events.EventFiringWebDriver.lambda$new$1(EventFiringWebDriver.java:107)
at org.openqa.selenium.support.events.EventFiringWebDriver$$Lambda$200/2146338580.invoke(Unknown Source)
at com.sun.proxy.$Proxy7.getScreenshotAs(Unknown Source)
at org.openqa.selenium.support.events.EventFiringWebDriver.getScreenshotAs(EventFiringWebDriver.java:302)
at com.oakbrook.qa.util.TestUtil.takeScreenshotAtEndOfTest(TestUtil.java:35)
at com.oakbrook.qa.util.WebEventListener.onException(WebEventListener.java:66)
at org.openqa.selenium.support.events.EventFiringWebDriver.lambda$new$0(EventFiringWebDriver.java:84)
at org.openqa.selenium.support.events.EventFiringWebDriver$$Lambda$199/282265585.invoke(Unknown Source)
at com.sun.proxy.$Proxy6.onException(Unknown Source)
at org.openqa.selenium.support.events.EventFiringWebDriver.lambda$new$1(EventFiringWebDriver.java:107)
at org.openqa.selenium.support.events.EventFiringWebDriver$$Lambda$200/2146338580.invoke(Unknown Source)
at com.sun.proxy.$Proxy7.getScreenshotAs(Unknown Source)
at org.openqa.selenium.support.events.EventFiringWebDriver.getScreenshotAs(EventFiringWebDriver.java:302)
at com.oakbrook.qa.util.TestUtil.takeScreenshotAtEndOfTest(TestUtil.java:35)
at com.oakbrook.qa.util.WebEventListener.onException(WebEventListener.java:66)
at org.openqa.selenium.support.events.EventFiringWebDriver.lambda$new$0(EventFiringWebDriver.java:84)
at org.openqa.selenium.support.events.EventFiringWebDriver$$Lambda$199/282265585.invoke(Unknown Source)
at com.sun.proxy.$Proxy6.onException(Unknown Source)
at org.openqa.selenium.support.events.EventFiringWebDriver.lambda$new$1(EventFiringWebDriver.java:107)
at org.openqa.selenium.support.events.EventFiringWebDriver$$Lambda$200/2146338580.invoke(Unknown Source)
at com.sun.proxy.$Proxy7.getScreenshotAs(Unknown Source)
at org.openqa.selenium.support.events.EventFiringWebDriver.getScreenshotAs(EventFiringWebDriver.java:302)
at com.oakbrook.qa.util.TestUtil.takeScreenshotAtEndOfTest(TestUtil.java:35)
at com.oakbrook.qa.util.WebEventListener.onException(WebEventListener.java:66)
at org.openqa.selenium.support.events.EventFiringWebDriver.lambda$new$0(EventFiringWebDriver.java:84)
at org.openqa.selenium.support.events.EventFiringWebDriver$$Lambda$199/282265585.invoke(Unknown Source)
at com.sun.proxy.$Proxy6.onException(Unknown Source)
at org.openqa.selenium.support.events.EventFiringWebDriver.lambda$new$1(EventFiringWebDriver.java:107)
at org.openqa.selenium.support.events.EventFiringWebDriver$$Lambda$200/2146338580.invoke(Unknown Source)
at com.sun.proxy.$Proxy7.getScreenshotAs(Unknown Source)
at org.openqa.selenium.support.events.EventFiringWebDriver.getScreenshotAs(EventFiringWebDriver.java:302)
at com.oakbrook.qa.util.TestUtil.takeScreenshotAtEndOfTest(TestUtil.java:35)
at com.oakbrook.qa.util.WebEventListener.onException(WebEventListener.java:66)
at org.openqa.selenium.support.events.EventFiringWebDriver.lambda$new$0(EventFiringWebDriver.java:84)
at org.openqa.selenium.support.events.EventFiringWebDriver$$Lambda$199/282265585.invoke(Unknown Source)
at com.sun.proxy.$Proxy6.onException(Unknown Source)
at org.openqa.selenium.support.events.EventFiringWebDriver.lambda$new$1(EventFiringWebDriver.java:107)
at org.openqa.selenium.support.events.EventFiringWebDriver$$Lambda$200/2146338580.invoke(Unknown Source)
at com.sun.proxy.$Proxy7.getScreenshotAs(Unknown Source)
at org.openqa.selenium.support.events.EventFiringWebDriver.getScreenshotAs(EventFiringWebDriver.java:302)
at com.oakbrook.qa.util.TestUtil.takeScreenshotAtEndOfTest(TestUtil.java:35)
at com.oakbrook.qa.util.WebEventListener.onException(WebEventListener.java:66)
at org.openqa.selenium.support.events.EventFiringWebDriver.lambda$new$0(EventFiringWebDriver.java:84)
at org.openqa.selenium.support.events.EventFiringWebDriver$$Lambda$199/282265585.invoke(Unknown Source)
at com.sun.proxy.$Proxy6.onException(Unknown Source)
at org.openqa.selenium.support.events.EventFiringWebDriver.lambda$new$1(EventFiringWebDriver.java:107)
at org.openqa.selenium.support.events.EventFiringWebDriver$$Lambda$200/2146338580.invoke(Unknown Source)
... Removed 257 stack frames]]>
    </failure>
  </testcase> <!-- @BeforeMethod setup -->
  <testcase name="@AfterMethod tearDown" time="0.0" classname="com.oakbrook.qa.testcases.HomePageTest">
    <skipped/>
  </testcase> <!-- @AfterMethod tearDown -->
  <testcase name="@BeforeMethod setup" time="26.13" classname="com.oakbrook.qa.testcases.RelationshipInfoTest">
    <failure type="org.openqa.selenium.TimeoutException" message="timeout
  (Session info: chrome=68.0.3440.106)
  (Driver info: chromedriver=2.41.578737 (49da6702b16031c40d63e5618de03a32ff6c197e),platform=Windows NT 10.0.17134 x86_64) (WARNING: The server did not provide any stacktrace information)
Command duration or timeout: 0 milliseconds
Build info: version: &amp;apos;3.14.0&amp;apos;, revision: &amp;apos;aacccce0&amp;apos;, time: &amp;apos;2018-08-02T20:19:58.91Z&amp;apos;
System info: host: &amp;apos;NIVIDOUS&amp;apos;, ip: &amp;apos;192.168.255.1&amp;apos;, os.name: &amp;apos;Windows 8.1&amp;apos;, os.arch: &amp;apos;amd64&amp;apos;, os.version: &amp;apos;6.3&amp;apos;, java.version: &amp;apos;1.8.0_25&amp;apos;
Driver info: org.openqa.selenium.chrome.ChromeDriver
Capabilities {acceptInsecureCerts: false, acceptSslCerts: false, applicationCacheEnabled: false, browserConnectionEnabled: false, browserName: chrome, chrome: {chromedriverVersion: 2.41.578737 (49da6702b16031..., userDataDir: C:\WINDOWS\TEMP\scoped_dir1...}, cssSelectorsEnabled: true, databaseEnabled: false, goog:chromeOptions: {debuggerAddress: localhost:59092}, handlesAlerts: true, hasTouchScreen: false, javascriptEnabled: true, locationContextEnabled: true, mobileEmulationEnabled: false, nativeEvents: true, networkConnectionEnabled: false, pageLoadStrategy: normal, platform: XP, platformName: XP, rotatable: false, setWindowRect: true, takesHeapSnapshot: true, takesScreenshot: true, unexpectedAlertBehaviour: , unhandledPromptBehavior: , version: 68.0.3440.106, webStorageEnabled: true}
Session ID: e0ec7dc9b95462a82102422d578e9467">
      <![CDATA[org.openqa.selenium.TimeoutException: timeout
  (Session info: chrome=68.0.3440.106)
  (Driver info: chromedriver=2.41.578737 (49da6702b16031c40d63e5618de03a32ff6c197e),platform=Windows NT 10.0.17134 x86_64) (WARNING: The server did not provide any stacktrace information)
Command duration or timeout: 0 milliseconds
Build info: version: '3.14.0', revision: 'aacccce0', time: '2018-08-02T20:19:58.91Z'
System info: host: 'NIVIDOUS', ip: '192.168.255.1', os.name: 'Windows 8.1', os.arch: 'amd64', os.version: '6.3', java.version: '1.8.0_25'
Driver info: org.openqa.selenium.chrome.ChromeDriver
Capabilities {acceptInsecureCerts: false, acceptSslCerts: false, applicationCacheEnabled: false, browserConnectionEnabled: false, browserName: chrome, chrome: {chromedriverVersion: 2.41.578737 (49da6702b16031..., userDataDir: C:\WINDOWS\TEMP\scoped_dir1...}, cssSelectorsEnabled: true, databaseEnabled: false, goog:chromeOptions: {debuggerAddress: localhost:59092}, handlesAlerts: true, hasTouchScreen: false, javascriptEnabled: true, locationContextEnabled: true, mobileEmulationEnabled: false, nativeEvents: true, networkConnectionEnabled: false, pageLoadStrategy: normal, platform: XP, platformName: XP, rotatable: false, setWindowRect: true, takesHeapSnapshot: true, takesScreenshot: true, unexpectedAlertBehaviour: , unhandledPromptBehavior: , version: 68.0.3440.106, webStorageEnabled: true}
Session ID: e0ec7dc9b95462a82102422d578e9467
at org.openqa.selenium.remote.ErrorHandler.createThrowable(ErrorHandler.java:214)
at org.openqa.selenium.remote.ErrorHandler.throwIfResponseFailed(ErrorHandler.java:166)
at org.openqa.selenium.remote.http.JsonHttpResponseCodec.reconstructValue(JsonHttpResponseCodec.java:40)
at org.openqa.selenium.remote.http.AbstractHttpResponseCodec.decode(AbstractHttpResponseCodec.java:80)
at org.openqa.selenium.remote.http.AbstractHttpResponseCodec.decode(AbstractHttpResponseCodec.java:44)
at org.openqa.selenium.remote.HttpCommandExecutor.execute(HttpCommandExecutor.java:158)
at org.openqa.selenium.remote.service.DriverCommandExecutor.execute(DriverCommandExecutor.java:83)
at org.openqa.selenium.remote.RemoteWebDriver.execute(RemoteWebDriver.java:548)
at org.openqa.selenium.remote.RemoteWebDriver.get(RemoteWebDriver.java:276)
at org.openqa.selenium.support.events.EventFiringWebDriver.lambda$new$1(EventFiringWebDriver.java:105)
at org.openqa.selenium.support.events.EventFiringWebDriver$$Lambda$200/2146338580.invoke(Unknown Source)
at com.sun.proxy.$Proxy7.get(Unknown Source)
at org.openqa.selenium.support.events.EventFiringWebDriver.get(EventFiringWebDriver.java:165)
at com.oakbrook.qa.base.TestBase.initialization(TestBase.java:62)
at com.oakbrook.qa.testcases.RelationshipInfoTest.setup(RelationshipInfoTest.java:23)
... Removed 45 stack frames]]>
    </failure>
  </testcase> <!-- @BeforeMethod setup -->
  <testcase name="@AfterMethod tearDown" time="0.0" classname="com.oakbrook.qa.testcases.RelationshipInfoTest">
    <skipped/>
  </testcase> <!-- @AfterMethod tearDown -->
  <testcase name="@BeforeMethod setup" time="0.0" classname="com.oakbrook.qa.testcases.HomePageTest">
    <skipped/>
  </testcase> <!-- @BeforeMethod setup -->
  <testcase name="@AfterMethod tearDown" time="0.0" classname="com.oakbrook.qa.testcases.HomePageTest">
    <skipped/>
  </testcase> <!-- @AfterMethod tearDown -->
  <testcase name="@BeforeMethod setup" time="0.0" classname="com.oakbrook.qa.testcases.HomePageTest">
    <skipped/>
  </testcase> <!-- @BeforeMethod setup -->
  <testcase name="@AfterMethod tearDown" time="0.0" classname="com.oakbrook.qa.testcases.HomePageTest">
    <skipped/>
  </testcase> <!-- @AfterMethod tearDown -->
  <testcase name="verifyHomePageTitleTest" time="0.0" classname="com.oakbrook.qa.testcases.HomePageTest">
    <skipped/>
  </testcase> <!-- verifyHomePageTitleTest -->
  <testcase name="loginPageTitleTest" time="246582.619" classname="com.oakbrook.qa.testcases.LoginPageTest">
    <failure type="java.lang.StackOverflowError">
      <![CDATA[java.lang.StackOverflowError
at java.io.FileOutputStream.writeBytes(Native Method)
at java.io.FileOutputStream.write(FileOutputStream.java:315)
at java.io.BufferedOutputStream.flushBuffer(BufferedOutputStream.java:82)
at java.io.BufferedOutputStream.write(BufferedOutputStream.java:126)
at java.io.PrintStream.write(PrintStream.java:480)
at com.oakbrook.qa.util.WebEventListener.onException(WebEventListener.java:64)
at org.openqa.selenium.support.events.EventFiringWebDriver.lambda$new$0(EventFiringWebDriver.java:84)
at org.openqa.selenium.support.events.EventFiringWebDriver$$Lambda$199/282265585.invoke(Unknown Source)
at com.sun.proxy.$Proxy6.onException(Unknown Source)
at org.openqa.selenium.support.events.EventFiringWebDriver.lambda$new$1(EventFiringWebDriver.java:107)
at org.openqa.selenium.support.events.EventFiringWebDriver$$Lambda$200/2146338580.invoke(Unknown Source)
at com.sun.proxy.$Proxy7.getScreenshotAs(Unknown Source)
at org.openqa.selenium.support.events.EventFiringWebDriver.getScreenshotAs(EventFiringWebDriver.java:302)
at com.oakbrook.qa.util.TestUtil.takeScreenshotAtEndOfTest(TestUtil.java:35)
at com.oakbrook.qa.util.WebEventListener.onException(WebEventListener.java:66)
at org.openqa.selenium.support.events.EventFiringWebDriver.lambda$new$0(EventFiringWebDriver.java:84)
at org.openqa.selenium.support.events.EventFiringWebDriver$$Lambda$199/282265585.invoke(Unknown Source)
at com.sun.proxy.$Proxy6.onException(Unknown Source)
at org.openqa.selenium.support.events.EventFiringWebDriver.lambda$new$1(EventFiringWebDriver.java:107)
at org.openqa.selenium.support.events.EventFiringWebDriver$$Lambda$200/2146338580.invoke(Unknown Source)
at com.sun.proxy.$Proxy7.getScreenshotAs(Unknown Source)
at org.openqa.selenium.support.events.EventFiringWebDriver.getScreenshotAs(EventFiringWebDriver.java:302)
at com.oakbrook.qa.util.TestUtil.takeScreenshotAtEndOfTest(TestUtil.java:35)
at com.oakbrook.qa.util.WebEventListener.onException(WebEventListener.java:66)
at org.openqa.selenium.support.events.EventFiringWebDriver.lambda$new$0(EventFiringWebDriver.java:84)
at org.openqa.selenium.support.events.EventFiringWebDriver$$Lambda$199/282265585.invoke(Unknown Source)
at com.sun.proxy.$Proxy6.onException(Unknown Source)
at org.openqa.selenium.support.events.EventFiringWebDriver.lambda$new$1(EventFiringWebDriver.java:107)
at org.openqa.selenium.support.events.EventFiringWebDriver$$Lambda$200/2146338580.invoke(Unknown Source)
at com.sun.proxy.$Proxy7.getScreenshotAs(Unknown Source)
at org.openqa.selenium.support.events.EventFiringWebDriver.getScreenshotAs(EventFiringWebDriver.java:302)
at com.oakbrook.qa.util.TestUtil.takeScreenshotAtEndOfTest(TestUtil.java:35)
at com.oakbrook.qa.util.WebEventListener.onException(WebEventListener.java:66)
at org.openqa.selenium.support.events.EventFiringWebDriver.lambda$new$0(EventFiringWebDriver.java:84)
at org.openqa.selenium.support.events.EventFiringWebDriver$$Lambda$199/282265585.invoke(Unknown Source)
at com.sun.proxy.$Proxy6.onException(Unknown Source)
at org.openqa.selenium.support.events.EventFiringWebDriver.lambda$new$1(EventFiringWebDriver.java:107)
at org.openqa.selenium.support.events.EventFiringWebDriver$$Lambda$200/2146338580.invoke(Unknown Source)
at com.sun.proxy.$Proxy7.getScreenshotAs(Unknown Source)
at org.openqa.selenium.support.events.EventFiringWebDriver.getScreenshotAs(EventFiringWebDriver.java:302)
at com.oakbrook.qa.util.TestUtil.takeScreenshotAtEndOfTest(TestUtil.java:35)
at com.oakbrook.qa.util.WebEventListener.onException(WebEventListener.java:66)
at org.openqa.selenium.support.events.EventFiringWebDriver.lambda$new$0(EventFiringWebDriver.java:84)
at org.openqa.selenium.support.events.EventFiringWebDriver$$Lambda$199/282265585.invoke(Unknown Source)
at com.sun.proxy.$Proxy6.onException(Unknown Source)
at org.openqa.selenium.support.events.EventFiringWebDriver.lambda$new$1(EventFiringWebDriver.java:107)
at org.openqa.selenium.support.events.EventFiringWebDriver$$Lambda$200/2146338580.invoke(Unknown Source)
at com.sun.proxy.$Proxy7.getScreenshotAs(Unknown Source)
at org.openqa.selenium.support.events.EventFiringWebDriver.getScreenshotAs(EventFiringWebDriver.java:302)
at com.oakbrook.qa.util.TestUtil.takeScreenshotAtEndOfTest(TestUtil.java:35)
at com.oakbrook.qa.util.WebEventListener.onException(WebEventListener.java:66)
at org.openqa.selenium.support.events.EventFiringWebDriver.lambda$new$0(EventFiringWebDriver.java:84)
at org.openqa.selenium.support.events.EventFiringWebDriver$$Lambda$199/282265585.invoke(Unknown Source)
at com.sun.proxy.$Proxy6.onException(Unknown Source)
at org.openqa.selenium.support.events.EventFiringWebDriver.lambda$new$1(EventFiringWebDriver.java:107)
at org.openqa.selenium.support.events.EventFiringWebDriver$$Lambda$200/2146338580.invoke(Unknown Source)
at com.sun.proxy.$Proxy7.getScreenshotAs(Unknown Source)
at org.openqa.selenium.support.events.EventFiringWebDriver.getScreenshotAs(EventFiringWebDriver.java:302)
at com.oakbrook.qa.util.TestUtil.takeScreenshotAtEndOfTest(TestUtil.java:35)
at com.oakbrook.qa.util.WebEventListener.onException(WebEventListener.java:66)
at org.openqa.selenium.support.events.EventFiringWebDriver.lambda$new$0(EventFiringWebDriver.java:84)
at org.openqa.selenium.support.events.EventFiringWebDriver$$Lambda$199/282265585.invoke(Unknown Source)
at com.sun.proxy.$Proxy6.onException(Unknown Source)
at org.openqa.selenium.support.events.EventFiringWebDriver.lambda$new$1(EventFiringWebDriver.java:107)
at org.openqa.selenium.support.events.EventFiringWebDriver$$Lambda$200/2146338580.invoke(Unknown Source)
at com.sun.proxy.$Proxy7.getScreenshotAs(Unknown Source)
at org.openqa.selenium.support.events.EventFiringWebDriver.getScreenshotAs(EventFiringWebDriver.java:302)
at com.oakbrook.qa.util.TestUtil.takeScreenshotAtEndOfTest(TestUtil.java:35)
at com.oakbrook.qa.util.WebEventListener.onException(WebEventListener.java:66)
at org.openqa.selenium.support.events.EventFiringWebDriver.lambda$new$0(EventFiringWebDriver.java:84)
at org.openqa.selenium.support.events.EventFiringWebDriver$$Lambda$199/282265585.invoke(Unknown Source)
at com.sun.proxy.$Proxy6.onException(Unknown Source)
at org.openqa.selenium.support.events.EventFiringWebDriver.lambda$new$1(EventFiringWebDriver.java:107)
at org.openqa.selenium.support.events.EventFiringWebDriver$$Lambda$200/2146338580.invoke(Unknown Source)
at com.sun.proxy.$Proxy7.getScreenshotAs(Unknown Source)
at org.openqa.selenium.support.events.EventFiringWebDriver.getScreenshotAs(EventFiringWebDriver.java:302)
at com.oakbrook.qa.util.TestUtil.takeScreenshotAtEndOfTest(TestUtil.java:35)
[...]
at org.openqa.selenium.support.events.EventFiringWebDriver$$Lambda$199/282265585.invoke(Unknown Source)
at com.sun.proxy.$Proxy6.onException(Unknown Source)
at org.openqa.selenium.support.events.EventFiringWebDriver.lambda$new$1(EventFiringWebDriver.java:107)
at org.openqa.selenium.support.events.EventFiringWebDriver$$Lambda$200/2146338580.invoke(Unknown Source)
at com.sun.proxy.$Proxy7.getScreenshotAs(Unknown Source)
at org.openqa.selenium.support.events.EventFiringWebDriver.getScreenshotAs(EventFiringWebDriver.java:302)
at com.oakbrook.qa.util.TestUtil.takeScreenshotAtEndOfTest(TestUtil.java:35)
at com.oakbrook.qa.util.WebEventListener.onException(WebEventListener.java:66)
at org.openqa.selenium.support.events.EventFiringWebDriver.lambda$new$0(EventFiringWebDriver.java:84)
at org.openqa.selenium.support.events.EventFiringWebDriver$$Lambda$199/282265585.invoke(Unknown Source)
at com.sun.proxy.$Proxy6.onException(Unknown Source)
at org.openqa.selenium.support.events.EventFiringWebDriver.lambda$new$1(EventFiringWebDriver.java:107)
at org.openqa.selenium.support.events.EventFiringWebDriver$$Lambda$200/2146338580.invoke(Unknown Source)
at com.sun.proxy.$Proxy7.getScreenshotAs(Unknown Source)
at org.openqa.selenium.support.events.EventFiringWebDriver.getScreenshotAs(EventFiringWebDriver.java:302)
at com.oakbrook.qa.util.TestUtil.takeScreenshotAtEndOfTest(TestUtil.java:35)
at com.oakbrook.qa.util.WebEventListener.onException(WebEventListener.java:66)
at org.openqa.selenium.support.events.EventFiringWebDriver.lambda$new$0(EventFiringWebDriver.java:84)
at org.openqa.selenium.support.events.EventFiringWebDriver$$Lambda$199/282265585.invoke(Unknown Source)
at com.sun.proxy.$Proxy6.onException(Unknown Source)
at org.openqa.selenium.support.events.EventFiringWebDriver.lambda$new$1(EventFiringWebDriver.java:107)
at org.openqa.selenium.support.events.EventFiringWebDriver$$Lambda$200/2146338580.invoke(Unknown Source)
at com.sun.proxy.$Proxy7.getScreenshotAs(Unknown Source)
at org.openqa.selenium.support.events.EventFiringWebDriver.getScreenshotAs(EventFiringWebDriver.java:302)
at com.oakbrook.qa.util.TestUtil.takeScreenshotAtEndOfTest(TestUtil.java:35)
at com.oakbrook.qa.util.WebEventListener.onException(WebEventListener.java:66)
at org.openqa.selenium.support.events.EventFiringWebDriver.lambda$new$0(EventFiringWebDriver.java:84)
at org.openqa.selenium.support.events.EventFiringWebDriver$$Lambda$199/282265585.invoke(Unknown Source)
at com.sun.proxy.$Proxy6.onException(Unknown Source)
at org.openqa.selenium.support.events.EventFiringWebDriver.lambda$new$1(EventFiringWebDriver.java:107)
at org.openqa.selenium.support.events.EventFiringWebDriver$$Lambda$200/2146338580.invoke(Unknown Source)
at com.sun.proxy.$Proxy7.getScreenshotAs(Unknown Source)
at org.openqa.selenium.support.events.EventFiringWebDriver.getScreenshotAs(EventFiringWebDriver.java:302)
at com.oakbrook.qa.util.TestUtil.takeScreenshotAtEndOfTest(TestUtil.java:35)
at com.oakbrook.qa.util.WebEventListener.onException(WebEventListener.java:66)
at org.openqa.selenium.support.events.EventFiringWebDriver.lambda$new$0(EventFiringWebDriver.java:84)
at org.openqa.selenium.support.events.EventFiringWebDriver$$Lambda$199/282265585.invoke(Unknown Source)
at com.sun.proxy.$Proxy6.onException(Unknown Source)
at org.openqa.selenium.support.events.EventFiringWebDriver.lambda$new$1(EventFiringWebDriver.java:107)
at org.openqa.selenium.support.events.EventFiringWebDriver$$Lambda$200/2146338580.invoke(Unknown Source)
at com.sun.proxy.$Proxy7.getScreenshotAs(Unknown Source)
at org.openqa.selenium.support.events.EventFiringWebDriver.getScreenshotAs(EventFiringWebDriver.java:302)
at com.oakbrook.qa.util.TestUtil.takeScreenshotAtEndOfTest(TestUtil.java:35)
at com.oakbrook.qa.util.WebEventListener.onException(WebEventListener.java:66)
at org.openqa.selenium.support.events.EventFiringWebDriver.lambda$new$0(EventFiringWebDriver.java:84)
at org.openqa.selenium.support.events.EventFiringWebDriver$$Lambda$199/282265585.invoke(Unknown Source)
at com.sun.proxy.$Proxy6.onException(Unknown Source)
at org.openqa.selenium.support.events.EventFiringWebDriver.lambda$new$1(EventFiringWebDriver.java:107)
at org.openqa.selenium.support.events.EventFiringWebDriver$$Lambda$200/2146338580.invoke(Unknown Source)
at com.sun.proxy.$Proxy7.getScreenshotAs(Unknown Source)
at org.openqa.selenium.support.events.EventFiringWebDriver.getScreenshotAs(EventFiringWebDriver.java:302)
at com.oakbrook.qa.util.TestUtil.takeScreenshotAtEndOfTest(TestUtil.java:35)
at com.oakbrook.qa.util.WebEventListener.onException(WebEventListener.java:66)
at org.openqa.selenium.support.events.EventFiringWebDriver.lambda$new$0(EventFiringWebDriver.java:84)
at org.openqa.selenium.support.events.EventFiringWebDriver$$Lambda$199/282265585.invoke(Unknown Source)
at com.sun.proxy.$Proxy6.onException(Unknown Source)
at org.openqa.selenium.support.events.EventFiringWebDriver.lambda$new$1(EventFiringWebDriver.java:107)
at org.openqa.selenium.support.events.EventFiringWebDriver$$Lambda$200/2146338580.invoke(Unknown Source)
at com.sun.proxy.$Proxy7.getScreenshotAs(Unknown Source)
at org.openqa.selenium.support.events.EventFiringWebDriver.getScreenshotAs(EventFiringWebDriver.java:302)
at com.oakbrook.qa.util.TestUtil.takeScreenshotAtEndOfTest(TestUtil.java:35)
at com.oakbrook.qa.util.WebEventListener.onException(WebEventListener.java:66)
at org.openqa.selenium.support.events.EventFiringWebDriver.lambda$new$0(EventFiringWebDriver.java:84)
at org.openqa.selenium.support.events.EventFiringWebDriver$$Lambda$199/282265585.invoke(Unknown Source)
at com.sun.proxy.$Proxy6.onException(Unknown Source)
at org.openqa.selenium.support.events.EventFiringWebDriver.lambda$new$1(EventFiringWebDriver.java:107)
at org.openqa.selenium.support.events.EventFiringWebDriver$$Lambda$200/2146338580.invoke(Unknown Source)
at com.sun.proxy.$Proxy7.getScreenshotAs(Unknown Source)
at org.openqa.selenium.support.events.EventFiringWebDriver.getScreenshotAs(EventFiringWebDriver.java:302)
at com.oakbrook.qa.util.TestUtil.takeScreenshotAtEndOfTest(TestUtil.java:35)
at com.oakbrook.qa.util.WebEventListener.onException(WebEventListener.java:66)
at org.openqa.selenium.support.events.EventFiringWebDriver.lambda$new$0(EventFiringWebDriver.java:84)
at org.openqa.selenium.support.events.EventFiringWebDriver$$Lambda$199/282265585.invoke(Unknown Source)
at com.sun.proxy.$Proxy6.onException(Unknown Source)
at org.openqa.selenium.support.events.EventFiringWebDriver.lambda$new$1(EventFiringWebDriver.java:107)
at org.openqa.selenium.support.events.EventFiringWebDriver$$Lambda$200/2146338580.invoke(Unknown Source)
at com.sun.proxy.$Proxy7.getScreenshotAs(Unknown Source)
at org.openqa.selenium.support.events.EventFiringWebDriver.getScreenshotAs(EventFiringWebDriver.java:302)
at com.oakbrook.qa.util.TestUtil.takeScreenshotAtEndOfTest(TestUtil.java:35)
at com.oakbrook.qa.util.WebEventListener.onException(WebEventListener.java:66)
at org.openqa.selenium.support.events.EventFiringWebDriver.lambda$new$0(EventFiringWebDriver.java:84)
at org.openqa.selenium.support.events.EventFiringWebDriver$$Lambda$199/282265585.invoke(Unknown Source)
at com.sun.proxy.$Proxy6.onException(Unknown Source)
at org.openqa.selenium.support.events.EventFiringWebDriver.lambda$new$1(EventFiringWebDriver.java:107)
at org.openqa.selenium.support.events.EventFiringWebDriver$$Lambda$200/2146338580.invoke(Unknown Source)
at com.sun.proxy.$Proxy7.getScreenshotAs(Unknown Source)
at org.openqa.selenium.support.events.EventFiringWebDriver.getScreenshotAs(EventFiringWebDriver.java:302)
at com.oakbrook.qa.util.TestUtil.takeScreenshotAtEndOfTest(TestUtil.java:35)
at com.oakbrook.qa.util.WebEventListener.onException(WebEventListener.java:66)
at org.openqa.selenium.support.events.EventFiringWebDriver.lambda$new$0(EventFiringWebDriver.java:84)
at org.openqa.selenium.support.events.EventFiringWebDriver$$Lambda$199/282265585.invoke(Unknown Source)
at com.sun.proxy.$Proxy6.onException(Unknown Source)
at org.openqa.selenium.support.events.EventFiringWebDriver.lambda$new$1(EventFiringWebDriver.java:107)
at org.openqa.selenium.support.events.EventFiringWebDriver$$Lambda$200/2146338580.invoke(Unknown Source)
at com.sun.proxy.$Proxy7.getScreenshotAs(Unknown Source)
at org.openqa.selenium.support.events.EventFiringWebDriver.getScreenshotAs(EventFiringWebDriver.java:302)
at com.oakbrook.qa.util.TestUtil.takeScreenshotAtEndOfTest(TestUtil.java:35)
at com.oakbrook.qa.util.WebEventListener.onException(WebEventListener.java:66)
at org.openqa.selenium.support.events.EventFiringWebDriver.lambda$new$0(EventFiringWebDriver.java:84)
at org.openqa.selenium.support.events.EventFiringWebDriver$$Lambda$199/282265585.invoke(Unknown Source)
at com.sun.proxy.$Proxy6.onException(Unknown Source)
at org.openqa.selenium.support.events.EventFiringWebDriver.lambda$new$1(EventFiringWebDriver.java:107)
at org.openqa.selenium.support.events.EventFiringWebDriver$$Lambda$200/2146338580.invoke(Unknown Source)
at com.sun.proxy.$Proxy7.getScreenshotAs(Unknown Source)
at org.openqa.selenium.support.events.EventFiringWebDriver.getScreenshotAs(EventFiringWebDriver.java:302)
at com.oakbrook.qa.util.TestUtil.takeScreenshotAtEndOfTest(TestUtil.java:35)
at com.oakbrook.qa.util.WebEventListener.onException(WebEventListener.java:66)
at org.openqa.selenium.support.events.EventFiringWebDriver.lambda$new$0(EventFiringWebDriver.java:84)
at org.openqa.selenium.support.events.EventFiringWebDriver$$Lambda$199/282265585.invoke(Unknown Source)
at com.sun.proxy.$Proxy6.onException(Unknown Source)
at org.openqa.selenium.support.events.EventFiringWebDriver.lambda$new$1(EventFiringWebDriver.java:107)
at org.openqa.selenium.support.events.EventFiringWebDriver$$Lambda$200/2146338580.invoke(Unknown Source)
at com.sun.proxy.$Proxy7.getScreenshotAs(Unknown Source)
at org.openqa.selenium.support.events.EventFiringWebDriver.getScreenshotAs(EventFiringWebDriver.java:302)
at com.oakbrook.qa.util.TestUtil.takeScreenshotAtEndOfTest(TestUtil.java:35)
at com.oakbrook.qa.util.WebEventListener.onException(WebEventListener.java:66)
at org.openqa.selenium.support.events.EventFiringWebDriver.lambda$new$0(EventFiringWebDriver.java:84)
at org.openqa.selenium.support.events.EventFiringWebDriver$$Lambda$199/282265585.invoke(Unknown Source)
at com.sun.proxy.$Proxy6.onException(Unknown Source)
at org.openqa.selenium.support.events.EventFiringWebDriver.lambda$new$1(EventFiringWebDriver.java:107)
at org.openqa.selenium.support.events.EventFiringWebDriver$$Lambda$200/2146338580.invoke(Unknown Source)
at com.sun.proxy.$Proxy7.getScreenshotAs(Unknown Source)
at org.openqa.selenium.support.events.EventFiringWebDriver.getScreenshotAs(EventFiringWebDriver.java:302)
at com.oakbrook.qa.util.TestUtil.takeScreenshotAtEndOfTest(TestUtil.java:35)
at com.oakbrook.qa.util.WebEventListener.onException(WebEventListener.java:66)
at org.openqa.selenium.support.events.EventFiringWebDriver.lambda$new$0(EventFiringWebDriver.java:84)
at org.openqa.selenium.support.events.EventFiringWebDriver$$Lambda$199/282265585.invoke(Unknown Source)
at com.sun.proxy.$Proxy6.onException(Unknown Source)
at org.openqa.selenium.support.events.EventFiringWebDriver.lambda$new$1(EventFiringWebDriver.java:107)
at org.openqa.selenium.support.events.EventFiringWebDriver$$Lambda$200/2146338580.invoke(Unknown Source)
at com.sun.proxy.$Proxy7.getScreenshotAs(Unknown Source)
at org.openqa.selenium.support.events.EventFiringWebDriver.getScreenshotAs(EventFiringWebDriver.java:302)
at com.oakbrook.qa.util.TestUtil.takeScreenshotAtEndOfTest(TestUtil.java:35)
at com.oakbrook.qa.util.WebEventListener.onException(WebEventListener.java:66)
at org.openqa.selenium.support.events.EventFiringWebDriver.lambda$new$0(EventFiringWebDriver.java:84)
at org.openqa.selenium.support.events.EventFiringWebDriver$$Lambda$199/282265585.invoke(Unknown Source)
at com.sun.proxy.$Proxy6.onException(Unknown Source)
at org.openqa.selenium.support.events.EventFiringWebDriver.lambda$new$1(EventFiringWebDriver.java:107)
at org.openqa.selenium.support.events.EventFiringWebDriver$$Lambda$200/2146338580.invoke(Unknown Source)
at com.sun.proxy.$Proxy7.getScreenshotAs(Unknown Source)
at org.openqa.selenium.support.events.EventFiringWebDriver.getScreenshotAs(EventFiringWebDriver.java:302)
at com.oakbrook.qa.util.TestUtil.takeScreenshotAtEndOfTest(TestUtil.java:35)
at com.oakbrook.qa.util.WebEventListener.onException(WebEventListener.java:66)
at org.openqa.selenium.support.events.EventFiringWebDriver.lambda$new$0(EventFiringWebDriver.java:84)
at org.openqa.selenium.support.events.EventFiringWebDriver$$Lambda$199/282265585.invoke(Unknown Source)
at com.sun.proxy.$Proxy6.onException(Unknown Source)
at org.openqa.selenium.support.events.EventFiringWebDriver.lambda$new$1(EventFiringWebDriver.java:107)
at org.openqa.selenium.support.events.EventFiringWebDriver$$Lambda$200/2146338580.invoke(Unknown Source)
at com.sun.proxy.$Proxy7.getScreenshotAs(Unknown Source)
at org.openqa.selenium.support.events.EventFiringWebDriver.getScreenshotAs(EventFiringWebDriver.java:302)
at com.oakbrook.qa.util.TestUtil.takeScreenshotAtEndOfTest(TestUtil.java:35)
at com.oakbrook.qa.util.WebEventListener.onException(WebEventListener.java:66)
at org.openqa.selenium.support.events.EventFiringWebDriver.lambda$new$0(EventFiringWebDriver.java:84)
at org.openqa.selenium.support.events.EventFiringWebDriver$$Lambda$199/282265585.invoke(Unknown Source)
at com.sun.proxy.$Proxy6.onException(Unknown Source)
at org.openqa.selenium.support.events.EventFiringWebDriver.lambda$new$1(EventFiringWebDriver.java:107)
at org.openqa.selenium.support.events.EventFiringWebDriver$$Lambda$200/2146338580.invoke(Unknown Source)
at com.sun.proxy.$Proxy7.getScreenshotAs(Unknown Source)
at org.openqa.selenium.support.events.EventFiringWebDriver.getScreenshotAs(EventFiringWebDriver.java:302)
at com.oakbrook.qa.util.TestUtil.takeScreenshotAtEndOfTest(TestUtil.java:35)
at com.oakbrook.qa.util.WebEventListener.onException(WebEventListener.java:66)
at org.openqa.selenium.support.events.EventFiringWebDriver.lambda$new$0(EventFiringWebDriver.java:84)
at org.openqa.selenium.support.events.EventFiringWebDriver$$Lambda$199/282265585.invoke(Unknown Source)
at com.sun.proxy.$Proxy6.onException(Unknown Source)
at org.openqa.selenium.support.events.EventFiringWebDriver.lambda$new$1(EventFiringWebDriver.java:107)
at org.openqa.selenium.support.events.EventFiringWebDriver$$Lambda$200/2146338580.invoke(Unknown Source)
at com.sun.proxy.$Proxy7.getScreenshotAs(Unknown Source)
at org.openqa.selenium.support.events.EventFiringWebDriver.getScreenshotAs(EventFiringWebDriver.java:302)
at com.oakbrook.qa.util.TestUtil.takeScreenshotAtEndOfTest(TestUtil.java:35)
at com.oakbrook.qa.util.WebEventListener.onException(WebEventListener.java:66)
at org.openqa.selenium.support.events.EventFiringWebDriver.lambda$new$0(EventFiringWebDriver.java:84)
at org.openqa.selenium.support.events.EventFiringWebDriver$$Lambda$199/282265585.invoke(Unknown Source)
at com.sun.proxy.$Proxy6.onException(Unknown Source)
at org.openqa.selenium.support.events.EventFiringWebDriver.lambda$new$1(EventFiringWebDriver.java:107)
at org.openqa.selenium.support.events.EventFiringWebDriver$$Lambda$200/2146338580.invoke(Unknown Source)
at com.sun.proxy.$Proxy7.getScreenshotAs(Unknown Source)
at org.openqa.selenium.support.events.EventFiringWebDriver.getScreenshotAs(EventFiringWebDriver.java:302)
at com.oakbrook.qa.util.TestUtil.takeScreenshotAtEndOfTest(TestUtil.java:35)
at com.oakbrook.qa.util.WebEventListener.onException(WebEventListener.java:66)
at org.openqa.selenium.support.events.EventFiringWebDriver.lambda$new$0(EventFiringWebDriver.java:84)
at org.openqa.selenium.support.events.EventFiringWebDriver$$Lambda$199/282265585.invoke(Unknown Source)
at com.sun.proxy.$Proxy6.onException(Unknown Source)
at org.openqa.selenium.support.events.EventFiringWebDriver.lambda$new$1(EventFiringWebDriver.java:107)
at org.openqa.selenium.support.events.EventFiringWebDriver$$Lambda$200/2146338580.invoke(Unknown Source)
at com.sun.proxy.$Proxy7.getScreenshotAs(Unknown Source)
at org.openqa.selenium.support.events.EventFiringWebDriver.getScreenshotAs(EventFiringWebDriver.java:302)
at com.oakbrook.qa.util.TestUtil.takeScreenshotAtEndOfTest(TestUtil.java:35)
at com.oakbrook.qa.util.WebEventListener.onException(WebEventListener.java:66)
at org.openqa.selenium.support.events.EventFiringWebDriver.lambda$new$0(EventFiringWebDriver.java:84)
at org.openqa.selenium.support.events.EventFiringWebDriver$$Lambda$199/282265585.invoke(Unknown Source)
at com.sun.proxy.$Proxy6.onException(Unknown Source)
at org.openqa.selenium.support.events.EventFiringWebDriver.lambda$new$1(EventFiringWebDriver.java:107)
at org.openqa.selenium.support.events.EventFiringWebDriver$$Lambda$200/2146338580.invoke(Unknown Source)
at com.sun.proxy.$Proxy7.getScreenshotAs(Unknown Source)
at org.openqa.selenium.support.events.EventFiringWebDriver.getScreenshotAs(EventFiringWebDriver.java:302)
at com.oakbrook.qa.util.TestUtil.takeScreenshotAtEndOfTest(TestUtil.java:35)
at com.oakbrook.qa.util.WebEventListener.onException(WebEventListener.java:66)
at org.openqa.selenium.support.events.EventFiringWebDriver.lambda$new$0(EventFiringWebDriver.java:84)
at org.openqa.selenium.support.events.EventFiringWebDriver$$Lambda$199/282265585.invoke(Unknown Source)
at com.sun.proxy.$Proxy6.onException(Unknown Source)
at org.openqa.selenium.support.events.EventFiringWebDriver.lambda$new$1(EventFiringWebDriver.java:107)
at org.openqa.selenium.support.events.EventFiringWebDriver$$Lambda$200/2146338580.invoke(Unknown Source)
at com.sun.proxy.$Proxy7.getScreenshotAs(Unknown Source)
at org.openqa.selenium.support.events.EventFiringWebDriver.getScreenshotAs(EventFiringWebDriver.java:302)
at com.oakbrook.qa.util.TestUtil.takeScreenshotAtEndOfTest(TestUtil.java:35)
at com.oakbrook.qa.util.WebEventListener.onException(WebEventListener.java:66)
at org.openqa.selenium.support.events.EventFiringWebDriver.lambda$new$0(EventFiringWebDriver.java:84)
at org.openqa.selenium.support.events.EventFiringWebDriver$$Lambda$199/282265585.invoke(Unknown Source)
at com.sun.proxy.$Proxy6.onException(Unknown Source)
at org.openqa.selenium.support.events.EventFiringWebDriver.lambda$new$1(EventFiringWebDriver.java:107)
at org.openqa.selenium.support.events.EventFiringWebDriver$$Lambda$200/2146338580.invoke(Unknown Source)
... Removed 257 stack frames]]>
    </failure>
  </testcase> <!-- loginPageTitleTest -->
  <testcase name="relInfoPageTitleTest" time="0.0" classname="com.oakbrook.qa.testcases.RelationshipInfoTest">
    <skipped/>
  </testcase> <!-- relInfoPageTitleTest -->
  <testcase name="verifyUserNameTest" time="0.0" classname="com.oakbrook.qa.testcases.HomePageTest">
    <skipped/>
  </testcase> <!-- verifyUserNameTest -->
  <testcase name="loginTest" time="2.976" classname="com.oakbrook.qa.testcases.LoginPageTest"/>
  <testcase name="validateRelationshipInfo" time="0.0" classname="com.oakbrook.qa.testcases.RelationshipInfoTest">
    <failure type="org.testng.TestNGException" message="
Cannot inject @Test annotated Method [validateRelationshipInfo] with [class java.lang.String, class java.lang.String].
For more information on native dependency injection please refer to http://testng.org/doc/documentation-main.html#native-dependency-injection">
      <![CDATA[org.testng.TestNGException: 
Cannot inject @Test annotated Method [validateRelationshipInfo] with [class java.lang.String, class java.lang.String].
For more information on native dependency injection please refer to http://testng.org/doc/documentation-main.html#native-dependency-injection
... Removed 34 stack frames]]>
    </failure>
  </testcase> <!-- validateRelationshipInfo -->
  <testcase name="clickAddNew" time="0.0" classname="com.oakbrook.qa.testcases.HomePageTest">
    <skipped/>
  </testcase> <!-- clickAddNew -->
</testsuite> <!-- Command line test -->
